-------------------------------------------------------------------------------
Test set: com.claimmanagement.exception.GlobalExceptionHandlerUnitTest
-------------------------------------------------------------------------------
Tests run: 6, Failures: 4, Errors: 0, Skipped: 0, Time elapsed: 0.840 s <<< FAILURE! -- in com.claimmanagement.exception.GlobalExceptionHandlerUnitTest
com.claimmanagement.exception.GlobalExceptionHandlerUnitTest.shouldCreateErrorResponseWithBuilder -- Time elapsed: 0.160 s <<< FAILURE!
java.lang.AssertionError: 

Expecting actual not to be null
	at com.claimmanagement.exception.GlobalExceptionHandlerUnitTest.shouldCreateErrorResponseWithBuilder(GlobalExceptionHandlerUnitTest.java:159)
	at java.base/java.lang.reflect.Method.invoke(Method.java:580)
	at java.base/java.util.ArrayList.forEach(ArrayList.java:1596)
	at java.base/java.util.ArrayList.forEach(ArrayList.java:1596)

com.claimmanagement.exception.GlobalExceptionHandlerUnitTest.shouldHandleIllegalArgumentException -- Time elapsed: 0.007 s <<< FAILURE!
org.opentest4j.AssertionFailedError: 

expected: "Bad Request"
 but was: "Invalid Request"
	at java.base/jdk.internal.reflect.DirectConstructorHandleAccessor.newInstance(DirectConstructorHandleAccessor.java:62)
	at java.base/java.lang.reflect.Constructor.newInstanceWithCaller(Constructor.java:502)
	at com.claimmanagement.exception.GlobalExceptionHandlerUnitTest.shouldHandleIllegalArgumentException(GlobalExceptionHandlerUnitTest.java:120)
	at java.base/java.lang.reflect.Method.invoke(Method.java:580)
	at java.base/java.util.ArrayList.forEach(ArrayList.java:1596)
	at java.base/java.util.ArrayList.forEach(ArrayList.java:1596)

com.claimmanagement.exception.GlobalExceptionHandlerUnitTest.shouldHandleMethodArgumentNotValidException -- Time elapsed: 0.602 s <<< FAILURE!
java.lang.AssertionError: 

Expecting map:
  {}
to contain entries:
  ["claimantName"="Name is required"]
but could not find the following map entries:
  ["claimantName"="Name is required"]
	at com.claimmanagement.exception.GlobalExceptionHandlerUnitTest.shouldHandleMethodArgumentNotValidException(GlobalExceptionHandlerUnitTest.java:101)
	at java.base/java.lang.reflect.Method.invoke(Method.java:580)
	at java.base/java.util.ArrayList.forEach(ArrayList.java:1596)
	at java.base/java.util.ArrayList.forEach(ArrayList.java:1596)

com.claimmanagement.exception.GlobalExceptionHandlerUnitTest.shouldHandleGenericException -- Time elapsed: 0.020 s <<< FAILURE!
org.opentest4j.AssertionFailedError: 

expected: "Something went wrong"
 but was: "An unexpected error occurred. Please contact support."
	at java.base/jdk.internal.reflect.DirectConstructorHandleAccessor.newInstance(DirectConstructorHandleAccessor.java:62)
	at java.base/java.lang.reflect.Constructor.newInstanceWithCaller(Constructor.java:502)
	at com.claimmanagement.exception.GlobalExceptionHandlerUnitTest.shouldHandleGenericException(GlobalExceptionHandlerUnitTest.java:140)
	at java.base/java.lang.reflect.Method.invoke(Method.java:580)
	at java.base/java.util.ArrayList.forEach(ArrayList.java:1596)
	at java.base/java.util.ArrayList.forEach(ArrayList.java:1596)

