<?xml version="1.0" encoding="UTF-8"?>
<testsuite xmlns:xsi="http://www.w3.org/2001/XMLSchema-instance" xsi:noNamespaceSchemaLocation="https://maven.apache.org/surefire/maven-surefire-plugin/xsd/surefire-test-report-3.0.xsd" version="3.0" name="com.claimmanagement.repository.ClaimRepositoryTest" time="5.667" tests="18" errors="18" skipped="0" failures="0">
  <properties>
[...]
</properties>
  <testcase name="shouldFindClaimsCreatedBetweenDates" classname="com.claimmanagement.repository.ClaimRepositoryTest" time="0.018">
    <error message="Failed to load ApplicationContext for [MergedContextConfiguration@6b8f1c62 testClass = com.claimmanagement.repository.ClaimRepositoryTest, locations = [], classes = [com.claimmanagement.ClaimManagementServiceApplication], contextInitializerClasses = [], activeProfiles = [&quot;test&quot;], propertySourceDescriptors = [], propertySourceProperties = [&quot;org.springframework.boot.test.autoconfigure.orm.jpa.DataJpaTestContextBootstrapper=true&quot;], contextCustomizers = [[ImportsContextCustomizer@67c020c8 key = [org.springframework.boot.autoconfigure.transaction.TransactionAutoConfiguration, org.springframework.boot.autoconfigure.data.jpa.JpaRepositoriesAutoConfiguration, org.springframework.boot.test.autoconfigure.orm.jpa.TestEntityManagerAutoConfiguration, org.springframework.boot.autoconfigure.cache.CacheAutoConfiguration, org.springframework.boot.autoconfigure.orm.jpa.HibernateJpaAutoConfiguration, org.springframework.boot.autoconfigure.sql.init.SqlInitializationAutoConfiguration, org.springframework.boot.test.autoconfigure.jdbc.TestDatabaseAutoConfiguration, org.springframework.boot.autoconfigure.flyway.FlywayAutoConfiguration, org.springframework.boot.autoconfigure.jdbc.DataSourceTransactionManagerAutoConfiguration, org.springframework.boot.autoconfigure.liquibase.LiquibaseAutoConfiguration, org.springframework.boot.autoconfigure.jdbc.JdbcClientAutoConfiguration, org.springframework.boot.autoconfigure.jdbc.DataSourceAutoConfiguration, org.springframework.boot.autoconfigure.jdbc.JdbcTemplateAutoConfiguration]], org.springframework.boot.test.context.filter.ExcludeFilterContextCustomizer@23ee75c5, org.springframework.boot.test.json.DuplicateJsonObjectContextCustomizerFactory$DuplicateJsonObjectContextCustomizer@6050462a, org.springframework.boot.test.mock.mockito.MockitoContextCustomizer@0, org.springframework.boot.test.autoconfigure.OverrideAutoConfigurationContextCustomizerFactory$DisableAutoConfigurationContextCustomizer@4cbd03e7, org.springframework.boot.test.autoconfigure.actuate.observability.ObservabilityContextCustomizerFactory$DisableObservabilityContextCustomizer@1f, org.springframework.boot.test.autoconfigure.filter.TypeExcludeFiltersContextCustomizer@34be3d80, org.springframework.boot.test.autoconfigure.properties.PropertyMappingContextCustomizer@81f2e8e0, org.springframework.boot.test.autoconfigure.web.servlet.WebDriverContextCustomizer@3766c667, org.springframework.boot.test.context.SpringBootTestAnnotation@1a878dcd], contextLoader = org.springframework.boot.test.context.SpringBootContextLoader, parent = null]" type="java.lang.IllegalStateException"><![CDATA[java.lang.IllegalStateException: Failed to load ApplicationContext for [MergedContextConfiguration@6b8f1c62 testClass = com.claimmanagement.repository.ClaimRepositoryTest, locations = [], classes = [com.claimmanagement.ClaimManagementServiceApplication], contextInitializerClasses = [], activeProfiles = ["test"], propertySourceDescriptors = [], propertySourceProperties = ["org.springframework.boot.test.autoconfigure.orm.jpa.DataJpaTestContextBootstrapper=true"], contextCustomizers = [[ImportsContextCustomizer@67c020c8 key = [org.springframework.boot.autoconfigure.transaction.TransactionAutoConfiguration, org.springframework.boot.autoconfigure.data.jpa.JpaRepositoriesAutoConfiguration, org.springframework.boot.test.autoconfigure.orm.jpa.TestEntityManagerAutoConfiguration, org.springframework.boot.autoconfigure.cache.CacheAutoConfiguration, org.springframework.boot.autoconfigure.orm.jpa.HibernateJpaAutoConfiguration, org.springframework.boot.autoconfigure.sql.init.SqlInitializationAutoConfiguration, org.springframework.boot.test.autoconfigure.jdbc.TestDatabaseAutoConfiguration, org.springframework.boot.autoconfigure.flyway.FlywayAutoConfiguration, org.springframework.boot.autoconfigure.jdbc.DataSourceTransactionManagerAutoConfiguration, org.springframework.boot.autoconfigure.liquibase.LiquibaseAutoConfiguration, org.springframework.boot.autoconfigure.jdbc.JdbcClientAutoConfiguration, org.springframework.boot.autoconfigure.jdbc.DataSourceAutoConfiguration, org.springframework.boot.autoconfigure.jdbc.JdbcTemplateAutoConfiguration]], org.springframework.boot.test.context.filter.ExcludeFilterContextCustomizer@23ee75c5, org.springframework.boot.test.json.DuplicateJsonObjectContextCustomizerFactory$DuplicateJsonObjectContextCustomizer@6050462a, org.springframework.boot.test.mock.mockito.MockitoContextCustomizer@0, org.springframework.boot.test.autoconfigure.OverrideAutoConfigurationContextCustomizerFactory$DisableAutoConfigurationContextCustomizer@4cbd03e7, org.springframework.boot.test.autoconfigure.actuate.observability.ObservabilityContextCustomizerFactory$DisableObservabilityContextCustomizer@1f, org.springframework.boot.test.autoconfigure.filter.TypeExcludeFiltersContextCustomizer@34be3d80, org.springframework.boot.test.autoconfigure.properties.PropertyMappingContextCustomizer@81f2e8e0, org.springframework.boot.test.autoconfigure.web.servlet.WebDriverContextCustomizer@3766c667, org.springframework.boot.test.context.SpringBootTestAnnotation@1a878dcd], contextLoader = org.springframework.boot.test.context.SpringBootContextLoader, parent = null]
	at org.springframework.test.context.cache.DefaultCacheAwareContextLoaderDelegate.loadContext(DefaultCacheAwareContextLoaderDelegate.java:180)
	at org.springframework.test.context.support.DefaultTestContext.getApplicationContext(DefaultTestContext.java:130)
	at org.springframework.test.context.support.DependencyInjectionTestExecutionListener.injectDependencies(DependencyInjectionTestExecutionListener.java:142)
	at org.springframework.test.context.support.DependencyInjectionTestExecutionListener.prepareTestInstance(DependencyInjectionTestExecutionListener.java:98)
	at org.springframework.test.context.TestContextManager.prepareTestInstance(TestContextManager.java:260)
	at org.springframework.test.context.junit.jupiter.SpringExtension.postProcessTestInstance(SpringExtension.java:163)
	at java.base/java.util.stream.ReferencePipeline$3$1.accept(ReferencePipeline.java:197)
	at java.base/java.util.stream.ReferencePipeline$2$1.accept(ReferencePipeline.java:179)
	at java.base/java.util.ArrayList$ArrayListSpliterator.forEachRemaining(ArrayList.java:1708)
	at java.base/java.util.stream.AbstractPipeline.copyInto(AbstractPipeline.java:509)
	at java.base/java.util.stream.AbstractPipeline.wrapAndCopyInto(AbstractPipeline.java:499)
	at java.base/java.util.stream.StreamSpliterators$WrappingSpliterator.forEachRemaining(StreamSpliterators.java:310)
	at java.base/java.util.stream.Streams$ConcatSpliterator.forEachRemaining(Streams.java:735)
	at java.base/java.util.stream.Streams$ConcatSpliterator.forEachRemaining(Streams.java:734)
	at java.base/java.util.stream.ReferencePipeline$Head.forEach(ReferencePipeline.java:762)
	at java.base/java.util.Optional.orElseGet(Optional.java:364)
	at java.base/java.util.ArrayList.forEach(ArrayList.java:1596)
	at java.base/java.util.ArrayList.forEach(ArrayList.java:1596)
Caused by: org.springframework.beans.factory.BeanCreationException: Error creating bean with name 'dataSourceScriptDatabaseInitializer' defined in class path resource [org/springframework/boot/autoconfigure/sql/init/DataSourceInitializationConfiguration.class]: Failed to execute SQL script statement #1 of file [C:\Users\ARADHANA PANDA\claim-management\target\classes\data.sql]: INSERT INTO claims ( claim_number, policy_number, claimant_name, claimant_email, claimant_phone, description, claim_amount, status, incident_date, created_at, updated_at ) VALUES ( 'CLM-2024-000001', 'POL-AUTO-2024-001', 'John Smith', 'john.smith@email.com', '+1-555-123-4567', 'Rear-end collision at intersection of Main Street and Oak Avenue. Minor damage to rear bumper and trunk.', 2500.00, 'SUBMITTED', '2024-01-15 14:30:00', '2024-01-16 09:00:00', '2024-01-16 09:00:00' ), ( 'CLM-2024-000002', 'POL-HOME-2024-002', 'Sarah Johnson', 'sarah.johnson@email.com', '+1-555-234-5678', 'Water damage in basement due to burst pipe. Affected flooring, drywall, and personal belongings.', 8750.50, 'UNDER_REVIEW', '2024-01-10 08:15:00', '2024-01-11 10:30:00', '2024-01-18 14:20:00' ), ( 'CLM-2024-000003', 'POL-HEALTH-2024-003', 'Michael Brown', 'michael.brown@email.com', '+1-555-345-6789', 'Emergency room visit for broken arm after bicycle accident. Includes X-rays, treatment, and follow-up care.', 1250.75, 'APPROVED', '2024-01-08 16:45:00', '2024-01-09 11:15:00', '2024-01-20 13:45:00' ), ( 'CLM-2024-000004', 'POL-AUTO-2024-004', 'Emily Davis', 'emily.davis@email.com', '+1-555-456-7890', 'Total loss of vehicle due to collision with deer on Highway 101. Vehicle is beyond economical repair.', 25000.00, 'UNDER_REVIEW', '2024-01-12 19:20:00', '2024-01-13 08:45:00', '2024-01-19 16:30:00' ), ( 'CLM-2024-000005', 'POL-PROP-2024-005', 'Robert Wilson', 'robert.wilson@email.com', '+1-555-567-8901', 'Theft of electronics and jewelry from home during vacation. Police report filed.', 5500.25, 'REJECTED', '2024-01-05 00:00:00', '2024-01-06 12:00:00', '2024-01-22 10:15:00' ), ( 'CLM-2024-000006', 'POL-LIFE-2024-006', 'Jennifer Martinez', 'jennifer.martinez@email.com', '+1-555-678-9012', 'Accidental death benefit claim. All required documentation has been submitted.', 100000.00, 'PAID', '2023-12-28 10:30:00', '2024-01-02 14:20:00', '2024-01-25 11:00:00' ), ( 'CLM-2024-000007', 'POL-AUTO-2024-007', 'David Anderson', 'david.anderson@email.com', '+1-555-789-0123', 'Windshield crack from road debris. Needs replacement for safety reasons.', 350.00, 'APPROVED', '2024-01-20 07:45:00', '2024-01-21 09:30:00', '2024-01-23 15:10:00' ), ( 'CLM-2024-000008', 'POL-HOME-2024-008', 'Lisa Thompson', 'lisa.thompson@email.com', '+1-555-890-1234', 'Roof damage from hailstorm. Multiple shingles damaged and gutters need repair.', 4200.80, 'SUBMITTED', '2024-01-22 15:30:00', '2024-01-23 08:15:00', '2024-01-23 08:15:00' ), ( 'CLM-2024-000009', 'POL-HEALTH-2024-009', 'Christopher Lee', 'christopher.lee@email.com', '+1-555-901-2345', 'Routine surgery with complications requiring extended hospital stay.', 15750.60, 'UNDER_REVIEW', '2024-01-18 11:00:00', '2024-01-19 13:45:00', '2024-01-24 09:20:00' ), ( 'CLM-2024-000010', 'POL-AUTO-2024-010', 'Amanda Garcia', 'amanda.garcia@email.com', '+1-555-012-3456', 'Minor fender bender in parking lot. Claimant decided to handle privately.', 800.00, 'CANCELLED', '2024-01-25 12:15:00', '2024-01-26 10:00:00', '2024-01-27 14:30:00' )
	at org.springframework.beans.factory.support.AbstractAutowireCapableBeanFactory.initializeBean(AbstractAutowireCapableBeanFactory.java:1773)
	at org.springframework.beans.factory.support.AbstractAutowireCapableBeanFactory.doCreateBean(AbstractAutowireCapableBeanFactory.java:599)
	at org.springframework.beans.factory.support.AbstractAutowireCapableBeanFactory.createBean(AbstractAutowireCapableBeanFactory.java:521)
	at org.springframework.beans.factory.support.AbstractBeanFactory.lambda$doGetBean$0(AbstractBeanFactory.java:325)
	at org.springframework.beans.factory.support.DefaultSingletonBeanRegistry.getSingleton(DefaultSingletonBeanRegistry.java:234)
	at org.springframework.beans.factory.support.AbstractBeanFactory.doGetBean(AbstractBeanFactory.java:323)
	at org.springframework.beans.factory.support.AbstractBeanFactory.getBean(AbstractBeanFactory.java:199)
	at org.springframework.beans.factory.support.AbstractBeanFactory.doGetBean(AbstractBeanFactory.java:312)
	at org.springframework.beans.factory.support.AbstractBeanFactory.getBean(AbstractBeanFactory.java:199)
	at org.springframework.context.support.AbstractApplicationContext.getBean(AbstractApplicationContext.java:1231)
	at org.springframework.context.support.AbstractApplicationContext.finishBeanFactoryInitialization(AbstractApplicationContext.java:949)
	at org.springframework.context.support.AbstractApplicationContext.refresh(AbstractApplicationContext.java:624)
	at org.springframework.boot.SpringApplication.refresh(SpringApplication.java:754)
	at org.springframework.boot.SpringApplication.refreshContext(SpringApplication.java:456)
	at org.springframework.boot.SpringApplication.run(SpringApplication.java:334)
	at org.springframework.boot.test.context.SpringBootContextLoader.lambda$loadContext$3(SpringBootContextLoader.java:137)
	at org.springframework.util.function.ThrowingSupplier.get(ThrowingSupplier.java:58)
	at org.springframework.util.function.ThrowingSupplier.get(ThrowingSupplier.java:46)
	at org.springframework.boot.SpringApplication.withHook(SpringApplication.java:1454)
	at org.springframework.boot.test.context.SpringBootContextLoader$ContextLoaderHook.run(SpringBootContextLoader.java:552)
	at org.springframework.boot.test.context.SpringBootContextLoader.loadContext(SpringBootContextLoader.java:137)
	at org.springframework.boot.test.context.SpringBootContextLoader.loadContext(SpringBootContextLoader.java:108)
	at org.springframework.test.context.cache.DefaultCacheAwareContextLoaderDelegate.loadContextInternal(DefaultCacheAwareContextLoaderDelegate.java:225)
	at org.springframework.test.context.cache.DefaultCacheAwareContextLoaderDelegate.loadContext(DefaultCacheAwareContextLoaderDelegate.java:152)
	... 17 more
Caused by: org.springframework.jdbc.datasource.init.ScriptStatementFailedException: Failed to execute SQL script statement #1 of file [C:\Users\ARADHANA PANDA\claim-management\target\classes\data.sql]: INSERT INTO claims ( claim_number, policy_number, claimant_name, claimant_email, claimant_phone, description, claim_amount, status, incident_date, created_at, updated_at ) VALUES ( 'CLM-2024-000001', 'POL-AUTO-2024-001', 'John Smith', 'john.smith@email.com', '+1-555-123-4567', 'Rear-end collision at intersection of Main Street and Oak Avenue. Minor damage to rear bumper and trunk.', 2500.00, 'SUBMITTED', '2024-01-15 14:30:00', '2024-01-16 09:00:00', '2024-01-16 09:00:00' ), ( 'CLM-2024-000002', 'POL-HOME-2024-002', 'Sarah Johnson', 'sarah.johnson@email.com', '+1-555-234-5678', 'Water damage in basement due to burst pipe. Affected flooring, drywall, and personal belongings.', 8750.50, 'UNDER_REVIEW', '2024-01-10 08:15:00', '2024-01-11 10:30:00', '2024-01-18 14:20:00' ), ( 'CLM-2024-000003', 'POL-HEALTH-2024-003', 'Michael Brown', 'michael.brown@email.com', '+1-555-345-6789', 'Emergency room visit for broken arm after bicycle accident. Includes X-rays, treatment, and follow-up care.', 1250.75, 'APPROVED', '2024-01-08 16:45:00', '2024-01-09 11:15:00', '2024-01-20 13:45:00' ), ( 'CLM-2024-000004', 'POL-AUTO-2024-004', 'Emily Davis', 'emily.davis@email.com', '+1-555-456-7890', 'Total loss of vehicle due to collision with deer on Highway 101. Vehicle is beyond economical repair.', 25000.00, 'UNDER_REVIEW', '2024-01-12 19:20:00', '2024-01-13 08:45:00', '2024-01-19 16:30:00' ), ( 'CLM-2024-000005', 'POL-PROP-2024-005', 'Robert Wilson', 'robert.wilson@email.com', '+1-555-567-8901', 'Theft of electronics and jewelry from home during vacation. Police report filed.', 5500.25, 'REJECTED', '2024-01-05 00:00:00', '2024-01-06 12:00:00', '2024-01-22 10:15:00' ), ( 'CLM-2024-000006', 'POL-LIFE-2024-006', 'Jennifer Martinez', 'jennifer.martinez@email.com', '+1-555-678-9012', 'Accidental death benefit claim. All required documentation has been submitted.', 100000.00, 'PAID', '2023-12-28 10:30:00', '2024-01-02 14:20:00', '2024-01-25 11:00:00' ), ( 'CLM-2024-000007', 'POL-AUTO-2024-007', 'David Anderson', 'david.anderson@email.com', '+1-555-789-0123', 'Windshield crack from road debris. Needs replacement for safety reasons.', 350.00, 'APPROVED', '2024-01-20 07:45:00', '2024-01-21 09:30:00', '2024-01-23 15:10:00' ), ( 'CLM-2024-000008', 'POL-HOME-2024-008', 'Lisa Thompson', 'lisa.thompson@email.com', '+1-555-890-1234', 'Roof damage from hailstorm. Multiple shingles damaged and gutters need repair.', 4200.80, 'SUBMITTED', '2024-01-22 15:30:00', '2024-01-23 08:15:00', '2024-01-23 08:15:00' ), ( 'CLM-2024-000009', 'POL-HEALTH-2024-009', 'Christopher Lee', 'christopher.lee@email.com', '+1-555-901-2345', 'Routine surgery with complications requiring extended hospital stay.', 15750.60, 'UNDER_REVIEW', '2024-01-18 11:00:00', '2024-01-19 13:45:00', '2024-01-24 09:20:00' ), ( 'CLM-2024-000010', 'POL-AUTO-2024-010', 'Amanda Garcia', 'amanda.garcia@email.com', '+1-555-012-3456', 'Minor fender bender in parking lot. Claimant decided to handle privately.', 800.00, 'CANCELLED', '2024-01-25 12:15:00', '2024-01-26 10:00:00', '2024-01-27 14:30:00' )
	at org.springframework.jdbc.datasource.init.ScriptUtils.executeSqlScript(ScriptUtils.java:282)
	at org.springframework.jdbc.datasource.init.ResourceDatabasePopulator.populate(ResourceDatabasePopulator.java:254)
	at org.springframework.jdbc.datasource.init.DatabasePopulatorUtils.execute(DatabasePopulatorUtils.java:54)
	at org.springframework.boot.jdbc.init.DataSourceScriptDatabaseInitializer.runScripts(DataSourceScriptDatabaseInitializer.java:87)
	at org.springframework.boot.sql.init.AbstractScriptDatabaseInitializer.runScripts(AbstractScriptDatabaseInitializer.java:146)
	at org.springframework.boot.sql.init.AbstractScriptDatabaseInitializer.applyScripts(AbstractScriptDatabaseInitializer.java:108)
	at org.springframework.boot.sql.init.AbstractScriptDatabaseInitializer.applyDataScripts(AbstractScriptDatabaseInitializer.java:102)
	at org.springframework.boot.sql.init.AbstractScriptDatabaseInitializer.initializeDatabase(AbstractScriptDatabaseInitializer.java:77)
	at org.springframework.boot.sql.init.AbstractScriptDatabaseInitializer.afterPropertiesSet(AbstractScriptDatabaseInitializer.java:66)
	at org.springframework.beans.factory.support.AbstractAutowireCapableBeanFactory.invokeInitMethods(AbstractAutowireCapableBeanFactory.java:1820)
	at org.springframework.beans.factory.support.AbstractAutowireCapableBeanFactory.initializeBean(AbstractAutowireCapableBeanFactory.java:1769)
	... 40 more
Caused by: org.h2.jdbc.JdbcSQLSyntaxErrorException: Table "CLAIMS" not found (this database is empty); SQL statement:
INSERT INTO claims ( claim_number, policy_number, claimant_name, claimant_email, claimant_phone, description, claim_amount, status, incident_date, created_at, updated_at ) VALUES ( 'CLM-2024-000001', 'POL-AUTO-2024-001', 'John Smith', 'john.smith@email.com', '+1-555-123-4567', 'Rear-end collision at intersection of Main Street and Oak Avenue. Minor damage to rear bumper and trunk.', 2500.00, 'SUBMITTED', '2024-01-15 14:30:00', '2024-01-16 09:00:00', '2024-01-16 09:00:00' ), ( 'CLM-2024-000002', 'POL-HOME-2024-002', 'Sarah Johnson', 'sarah.johnson@email.com', '+1-555-234-5678', 'Water damage in basement due to burst pipe. Affected flooring, drywall, and personal belongings.', 8750.50, 'UNDER_REVIEW', '2024-01-10 08:15:00', '2024-01-11 10:30:00', '2024-01-18 14:20:00' ), ( 'CLM-2024-000003', 'POL-HEALTH-2024-003', 'Michael Brown', 'michael.brown@email.com', '+1-555-345-6789', 'Emergency room visit for broken arm after bicycle accident. Includes X-rays, treatment, and follow-up care.', 1250.75, 'APPROVED', '2024-01-08 16:45:00', '2024-01-09 11:15:00', '2024-01-20 13:45:00' ), ( 'CLM-2024-000004', 'POL-AUTO-2024-004', 'Emily Davis', 'emily.davis@email.com', '+1-555-456-7890', 'Total loss of vehicle due to collision with deer on Highway 101. Vehicle is beyond economical repair.', 25000.00, 'UNDER_REVIEW', '2024-01-12 19:20:00', '2024-01-13 08:45:00', '2024-01-19 16:30:00' ), ( 'CLM-2024-000005', 'POL-PROP-2024-005', 'Robert Wilson', 'robert.wilson@email.com', '+1-555-567-8901', 'Theft of electronics and jewelry from home during vacation. Police report filed.', 5500.25, 'REJECTED', '2024-01-05 00:00:00', '2024-01-06 12:00:00', '2024-01-22 10:15:00' ), ( 'CLM-2024-000006', 'POL-LIFE-2024-006', 'Jennifer Martinez', 'jennifer.martinez@email.com', '+1-555-678-9012', 'Accidental death benefit claim. All required documentation has been submitted.', 100000.00, 'PAID', '2023-12-28 10:30:00', '2024-01-02 14:20:00', '2024-01-25 11:00:00' ), ( 'CLM-2024-000007', 'POL-AUTO-2024-007', 'David Anderson', 'david.anderson@email.com', '+1-555-789-0123', 'Windshield crack from road debris. Needs replacement for safety reasons.', 350.00, 'APPROVED', '2024-01-20 07:45:00', '2024-01-21 09:30:00', '2024-01-23 15:10:00' ), ( 'CLM-2024-000008', 'POL-HOME-2024-008', 'Lisa Thompson', 'lisa.thompson@email.com', '+1-555-890-1234', 'Roof damage from hailstorm. Multiple shingles damaged and gutters need repair.', 4200.80, 'SUBMITTED', '2024-01-22 15:30:00', '2024-01-23 08:15:00', '2024-01-23 08:15:00' ), ( 'CLM-2024-000009', 'POL-HEALTH-2024-009', 'Christopher Lee', 'christopher.lee@email.com', '+1-555-901-2345', 'Routine surgery with complications requiring extended hospital stay.', 15750.60, 'UNDER_REVIEW', '2024-01-18 11:00:00', '2024-01-19 13:45:00', '2024-01-24 09:20:00' ), ( 'CLM-2024-000010', 'POL-AUTO-2024-010', 'Amanda Garcia', 'amanda.garcia@email.com', '+1-555-012-3456', 'Minor fender bender in parking lot. Claimant decided to handle privately.', 800.00, 'CANCELLED', '2024-01-25 12:15:00', '2024-01-26 10:00:00', '2024-01-27 14:30:00' ) [42104-224]
	at org.h2.message.DbException.getJdbcSQLException(DbException.java:514)
	at org.h2.message.DbException.getJdbcSQLException(DbException.java:489)
	at org.h2.message.DbException.get(DbException.java:223)
	at org.h2.message.DbException.get(DbException.java:199)
	at org.h2.command.Parser.getTableOrViewNotFoundDbException(Parser.java:8051)
	at org.h2.command.Parser.getTableOrViewNotFoundDbException(Parser.java:8035)
	at org.h2.command.Parser.readTableOrView(Parser.java:8024)
	at org.h2.command.Parser.readTableOrView(Parser.java:7990)
	at org.h2.command.Parser.parseInsert(Parser.java:1540)
	at org.h2.command.Parser.parsePrepared(Parser.java:719)
	at org.h2.command.Parser.parse(Parser.java:592)
	at org.h2.command.Parser.parse(Parser.java:564)
	at org.h2.command.Parser.prepareCommand(Parser.java:483)
	at org.h2.engine.SessionLocal.prepareLocal(SessionLocal.java:639)
	at org.h2.engine.SessionLocal.prepareCommand(SessionLocal.java:559)
	at org.h2.jdbc.JdbcConnection.prepareCommand(JdbcConnection.java:1166)
	at org.h2.jdbc.JdbcStatement.executeInternal(JdbcStatement.java:245)
	at org.h2.jdbc.JdbcStatement.execute(JdbcStatement.java:231)
	at org.springframework.jdbc.datasource.init.ScriptUtils.executeSqlScript(ScriptUtils.java:261)
	... 50 more
]]></error>
    <system-out><![CDATA[21:26:13.164 [main] INFO org.springframework.test.context.support.AnnotationConfigContextLoaderUtils -- Could not detect default configuration classes for test class [com.claimmanagement.repository.ClaimRepositoryTest]: ClaimRepositoryTest does not declare any static, non-private, non-final, nested classes annotated with @Configuration.
21:26:13.572 [main] INFO org.springframework.boot.test.context.SpringBootTestContextBootstrapper -- Found @SpringBootConfiguration com.claimmanagement.ClaimManagementServiceApplication for test class com.claimmanagement.repository.ClaimRepositoryTest

  .   ____          _            __ _ _
 /\\ / ___'_ __ _ _(_)_ __  __ _ \ \ \ \
( ( )\___ | '_ | '_| | '_ \/ _` | \ \ \ \
 \\/  ___)| |_)| | | | | || (_| |  ) ) ) )
  '  |____| .__|_| |_|_| |_\__, | / / / /
 =========|_|==============|___/=/_/_/_/
 :: Spring Boot ::                (v3.2.2)

21:26:15.136 [main] INFO  c.c.repository.ClaimRepositoryTest - Starting ClaimRepositoryTest using Java 21.0.6 with PID 18012 (started by ARADHANA PANDA in C:\Users\ARADHANA PANDA\claim-management)
21:26:15.138 [main] INFO  c.c.repository.ClaimRepositoryTest - The following 1 profile is active: "test"
21:26:16.182 [main] INFO  o.s.d.r.c.RepositoryConfigurationDelegate - Bootstrapping Spring Data JPA repositories in DEFAULT mode.
21:26:16.350 [main] INFO  o.s.d.r.c.RepositoryConfigurationDelegate - Finished Spring Data repository scanning in 145 ms. Found 1 JPA repository interface.
21:26:16.491 [main] INFO  o.s.b.t.a.j.TestDatabaseAutoConfiguration$EmbeddedDataSourceBeanFactoryPostProcessor - Replacing 'dataSource' DataSource bean with embedded version
21:26:16.944 [main] INFO  o.s.j.d.e.EmbeddedDatabaseFactory - Starting embedded database: url='jdbc:h2:mem:b881ff07-4de7-4ecf-9ba7-5d4fb4e4c68f;DB_CLOSE_DELAY=-1;DB_CLOSE_ON_EXIT=false', username='sa'
21:26:17.794 [main] WARN  o.s.c.a.AnnotationConfigApplicationContext - Exception encountered during context initialization - cancelling refresh attempt: org.springframework.beans.factory.BeanCreationException: Error creating bean with name 'dataSourceScriptDatabaseInitializer' defined in class path resource [org/springframework/boot/autoconfigure/sql/init/DataSourceInitializationConfiguration.class]: Failed to execute SQL script statement #1 of file [C:\Users\ARADHANA PANDA\claim-management\target\classes\data.sql]: INSERT INTO claims ( claim_number, policy_number, claimant_name, claimant_email, claimant_phone, description, claim_amount, status, incident_date, created_at, updated_at ) VALUES ( 'CLM-2024-000001', 'POL-AUTO-2024-001', 'John Smith', 'john.smith@email.com', '+1-555-123-4567', 'Rear-end collision at intersection of Main Street and Oak Avenue. Minor damage to rear bumper and trunk.', 2500.00, 'SUBMITTED', '2024-01-15 14:30:00', '2024-01-16 09:00:00', '2024-01-16 09:00:00' ), ( 'CLM-2024-000002', 'POL-HOME-2024-002', 'Sarah Johnson', 'sarah.johnson@email.com', '+1-555-234-5678', 'Water damage in basement due to burst pipe. Affected flooring, drywall, and personal belongings.', 8750.50, 'UNDER_REVIEW', '2024-01-10 08:15:00', '2024-01-11 10:30:00', '2024-01-18 14:20:00' ), ( 'CLM-2024-000003', 'POL-HEALTH-2024-003', 'Michael Brown', 'michael.brown@email.com', '+1-555-345-6789', 'Emergency room visit for broken arm after bicycle accident. Includes X-rays, treatment, and follow-up care.', 1250.75, 'APPROVED', '2024-01-08 16:45:00', '2024-01-09 11:15:00', '2024-01-20 13:45:00' ), ( 'CLM-2024-000004', 'POL-AUTO-2024-004', 'Emily Davis', 'emily.davis@email.com', '+1-555-456-7890', 'Total loss of vehicle due to collision with deer on Highway 101. Vehicle is beyond economical repair.', 25000.00, 'UNDER_REVIEW', '2024-01-12 19:20:00', '2024-01-13 08:45:00', '2024-01-19 16:30:00' ), ( 'CLM-2024-000005', 'POL-PROP-2024-005', 'Robert Wilson', 'robert.wilson@email.com', '+1-555-567-8901', 'Theft of electronics and jewelry from home during vacation. Police report filed.', 5500.25, 'REJECTED', '2024-01-05 00:00:00', '2024-01-06 12:00:00', '2024-01-22 10:15:00' ), ( 'CLM-2024-000006', 'POL-LIFE-2024-006', 'Jennifer Martinez', 'jennifer.martinez@email.com', '+1-555-678-9012', 'Accidental death benefit claim. All required documentation has been submitted.', 100000.00, 'PAID', '2023-12-28 10:30:00', '2024-01-02 14:20:00', '2024-01-25 11:00:00' ), ( 'CLM-2024-000007', 'POL-AUTO-2024-007', 'David Anderson', 'david.anderson@email.com', '+1-555-789-0123', 'Windshield crack from road debris. Needs replacement for safety reasons.', 350.00, 'APPROVED', '2024-01-20 07:45:00', '2024-01-21 09:30:00', '2024-01-23 15:10:00' ), ( 'CLM-2024-000008', 'POL-HOME-2024-008', 'Lisa Thompson', 'lisa.thompson@email.com', '+1-555-890-1234', 'Roof damage from hailstorm. Multiple shingles damaged and gutters need repair.', 4200.80, 'SUBMITTED', '2024-01-22 15:30:00', '2024-01-23 08:15:00', '2024-01-23 08:15:00' ), ( 'CLM-2024-000009', 'POL-HEALTH-2024-009', 'Christopher Lee', 'christopher.lee@email.com', '+1-555-901-2345', 'Routine surgery with complications requiring extended hospital stay.', 15750.60, 'UNDER_REVIEW', '2024-01-18 11:00:00', '2024-01-19 13:45:00', '2024-01-24 09:20:00' ), ( 'CLM-2024-000010', 'POL-AUTO-2024-010', 'Amanda Garcia', 'amanda.garcia@email.com', '+1-555-012-3456', 'Minor fender bender in parking lot. Claimant decided to handle privately.', 800.00, 'CANCELLED', '2024-01-25 12:15:00', '2024-01-26 10:00:00', '2024-01-27 14:30:00' )
21:26:17.804 [main] INFO  o.s.b.a.l.ConditionEvaluationReportLogger - 

Error starting ApplicationContext. To display the condition evaluation report re-run your application with 'debug' enabled.
21:26:17.852 [main] ERROR o.s.boot.SpringApplication - Application run failed
org.springframework.beans.factory.BeanCreationException: Error creating bean with name 'dataSourceScriptDatabaseInitializer' defined in class path resource [org/springframework/boot/autoconfigure/sql/init/DataSourceInitializationConfiguration.class]: Failed to execute SQL script statement #1 of file [C:\Users\ARADHANA PANDA\claim-management\target\classes\data.sql]: INSERT INTO claims ( claim_number, policy_number, claimant_name, claimant_email, claimant_phone, description, claim_amount, status, incident_date, created_at, updated_at ) VALUES ( 'CLM-2024-000001', 'POL-AUTO-2024-001', 'John Smith', 'john.smith@email.com', '+1-555-123-4567', 'Rear-end collision at intersection of Main Street and Oak Avenue. Minor damage to rear bumper and trunk.', 2500.00, 'SUBMITTED', '2024-01-15 14:30:00', '2024-01-16 09:00:00', '2024-01-16 09:00:00' ), ( 'CLM-2024-000002', 'POL-HOME-2024-002', 'Sarah Johnson', 'sarah.johnson@email.com', '+1-555-234-5678', 'Water damage in basement due to burst pipe. Affected flooring, drywall, and personal belongings.', 8750.50, 'UNDER_REVIEW', '2024-01-10 08:15:00', '2024-01-11 10:30:00', '2024-01-18 14:20:00' ), ( 'CLM-2024-000003', 'POL-HEALTH-2024-003', 'Michael Brown', 'michael.brown@email.com', '+1-555-345-6789', 'Emergency room visit for broken arm after bicycle accident. Includes X-rays, treatment, and follow-up care.', 1250.75, 'APPROVED', '2024-01-08 16:45:00', '2024-01-09 11:15:00', '2024-01-20 13:45:00' ), ( 'CLM-2024-000004', 'POL-AUTO-2024-004', 'Emily Davis', 'emily.davis@email.com', '+1-555-456-7890', 'Total loss of vehicle due to collision with deer on Highway 101. Vehicle is beyond economical repair.', 25000.00, 'UNDER_REVIEW', '2024-01-12 19:20:00', '2024-01-13 08:45:00', '2024-01-19 16:30:00' ), ( 'CLM-2024-000005', 'POL-PROP-2024-005', 'Robert Wilson', 'robert.wilson@email.com', '+1-555-567-8901', 'Theft of electronics and jewelry from home during vacation. Police report filed.', 5500.25, 'REJECTED', '2024-01-05 00:00:00', '2024-01-06 12:00:00', '2024-01-22 10:15:00' ), ( 'CLM-2024-000006', 'POL-LIFE-2024-006', 'Jennifer Martinez', 'jennifer.martinez@email.com', '+1-555-678-9012', 'Accidental death benefit claim. All required documentation has been submitted.', 100000.00, 'PAID', '2023-12-28 10:30:00', '2024-01-02 14:20:00', '2024-01-25 11:00:00' ), ( 'CLM-2024-000007', 'POL-AUTO-2024-007', 'David Anderson', 'david.anderson@email.com', '+1-555-789-0123', 'Windshield crack from road debris. Needs replacement for safety reasons.', 350.00, 'APPROVED', '2024-01-20 07:45:00', '2024-01-21 09:30:00', '2024-01-23 15:10:00' ), ( 'CLM-2024-000008', 'POL-HOME-2024-008', 'Lisa Thompson', 'lisa.thompson@email.com', '+1-555-890-1234', 'Roof damage from hailstorm. Multiple shingles damaged and gutters need repair.', 4200.80, 'SUBMITTED', '2024-01-22 15:30:00', '2024-01-23 08:15:00', '2024-01-23 08:15:00' ), ( 'CLM-2024-000009', 'POL-HEALTH-2024-009', 'Christopher Lee', 'christopher.lee@email.com', '+1-555-901-2345', 'Routine surgery with complications requiring extended hospital stay.', 15750.60, 'UNDER_REVIEW', '2024-01-18 11:00:00', '2024-01-19 13:45:00', '2024-01-24 09:20:00' ), ( 'CLM-2024-000010', 'POL-AUTO-2024-010', 'Amanda Garcia', 'amanda.garcia@email.com', '+1-555-012-3456', 'Minor fender bender in parking lot. Claimant decided to handle privately.', 800.00, 'CANCELLED', '2024-01-25 12:15:00', '2024-01-26 10:00:00', '2024-01-27 14:30:00' )
	at org.springframework.beans.factory.support.AbstractAutowireCapableBeanFactory.initializeBean(AbstractAutowireCapableBeanFactory.java:1773)
	at org.springframework.beans.factory.support.AbstractAutowireCapableBeanFactory.doCreateBean(AbstractAutowireCapableBeanFactory.java:599)
	at org.springframework.beans.factory.support.AbstractAutowireCapableBeanFactory.createBean(AbstractAutowireCapableBeanFactory.java:521)
	at org.springframework.beans.factory.support.AbstractBeanFactory.lambda$doGetBean$0(AbstractBeanFactory.java:325)
	at org.springframework.beans.factory.support.DefaultSingletonBeanRegistry.getSingleton(DefaultSingletonBeanRegistry.java:234)
	at org.springframework.beans.factory.support.AbstractBeanFactory.doGetBean(AbstractBeanFactory.java:323)
	at org.springframework.beans.factory.support.AbstractBeanFactory.getBean(AbstractBeanFactory.java:199)
	at org.springframework.beans.factory.support.AbstractBeanFactory.doGetBean(AbstractBeanFactory.java:312)
	at org.springframework.beans.factory.support.AbstractBeanFactory.getBean(AbstractBeanFactory.java:199)
	at org.springframework.context.support.AbstractApplicationContext.getBean(AbstractApplicationContext.java:1231)
	at org.springframework.context.support.AbstractApplicationContext.finishBeanFactoryInitialization(AbstractApplicationContext.java:949)
	at org.springframework.context.support.AbstractApplicationContext.refresh(AbstractApplicationContext.java:624)
	at org.springframework.boot.SpringApplication.refresh(SpringApplication.java:754)
	at org.springframework.boot.SpringApplication.refreshContext(SpringApplication.java:456)
	at org.springframework.boot.SpringApplication.run(SpringApplication.java:334)
	at org.springframework.boot.test.context.SpringBootContextLoader.lambda$loadContext$3(SpringBootContextLoader.java:137)
	at org.springframework.util.function.ThrowingSupplier.get(ThrowingSupplier.java:58)
	at org.springframework.util.function.ThrowingSupplier.get(ThrowingSupplier.java:46)
	at org.springframework.boot.SpringApplication.withHook(SpringApplication.java:1454)
	at org.springframework.boot.test.context.SpringBootContextLoader$ContextLoaderHook.run(SpringBootContextLoader.java:552)
	at org.springframework.boot.test.context.SpringBootContextLoader.loadContext(SpringBootContextLoader.java:137)
	at org.springframework.boot.test.context.SpringBootContextLoader.loadContext(SpringBootContextLoader.java:108)
	at org.springframework.test.context.cache.DefaultCacheAwareContextLoaderDelegate.loadContextInternal(DefaultCacheAwareContextLoaderDelegate.java:225)
	at org.springframework.test.context.cache.DefaultCacheAwareContextLoaderDelegate.loadContext(DefaultCacheAwareContextLoaderDelegate.java:152)
	at org.springframework.test.context.support.DefaultTestContext.getApplicationContext(DefaultTestContext.java:130)
	at org.springframework.test.context.support.DependencyInjectionTestExecutionListener.injectDependencies(DependencyInjectionTestExecutionListener.java:142)
	at org.springframework.test.context.support.DependencyInjectionTestExecutionListener.prepareTestInstance(DependencyInjectionTestExecutionListener.java:98)
	at org.springframework.test.context.TestContextManager.prepareTestInstance(TestContextManager.java:260)
	at org.springframework.test.context.junit.jupiter.SpringExtension.postProcessTestInstance(SpringExtension.java:163)
	at org.junit.jupiter.engine.descriptor.ClassBasedTestDescriptor.lambda$invokeTestInstancePostProcessors$10(ClassBasedTestDescriptor.java:378)
	at org.junit.jupiter.engine.descriptor.ClassBasedTestDescriptor.executeAndMaskThrowable(ClassBasedTestDescriptor.java:383)
	at org.junit.jupiter.engine.descriptor.ClassBasedTestDescriptor.lambda$invokeTestInstancePostProcessors$11(ClassBasedTestDescriptor.java:378)
	at java.base/java.util.stream.ReferencePipeline$3$1.accept(ReferencePipeline.java:197)
	at java.base/java.util.stream.ReferencePipeline$2$1.accept(ReferencePipeline.java:179)
	at java.base/java.util.ArrayList$ArrayListSpliterator.forEachRemaining(ArrayList.java:1708)
	at java.base/java.util.stream.AbstractPipeline.copyInto(AbstractPipeline.java:509)
	at java.base/java.util.stream.AbstractPipeline.wrapAndCopyInto(AbstractPipeline.java:499)
	at java.base/java.util.stream.StreamSpliterators$WrappingSpliterator.forEachRemaining(StreamSpliterators.java:310)
	at java.base/java.util.stream.Streams$ConcatSpliterator.forEachRemaining(Streams.java:735)
	at java.base/java.util.stream.Streams$ConcatSpliterator.forEachRemaining(Streams.java:734)
	at java.base/java.util.stream.ReferencePipeline$Head.forEach(ReferencePipeline.java:762)
	at org.junit.jupiter.engine.descriptor.ClassBasedTestDescriptor.invokeTestInstancePostProcessors(ClassBasedTestDescriptor.java:377)
	at org.junit.jupiter.engine.descriptor.ClassBasedTestDescriptor.lambda$instantiateAndPostProcessTestInstance$6(ClassBasedTestDescriptor.java:290)
	at org.junit.platform.engine.support.hierarchical.ThrowableCollector.execute(ThrowableCollector.java:73)
	at org.junit.jupiter.engine.descriptor.ClassBasedTestDescriptor.instantiateAndPostProcessTestInstance(ClassBasedTestDescriptor.java:289)
	at org.junit.jupiter.engine.descriptor.ClassBasedTestDescriptor.lambda$testInstancesProvider$4(ClassBasedTestDescriptor.java:279)
	at java.base/java.util.Optional.orElseGet(Optional.java:364)
	at org.junit.jupiter.engine.descriptor.ClassBasedTestDescriptor.lambda$testInstancesProvider$5(ClassBasedTestDescriptor.java:278)
	at org.junit.jupiter.engine.execution.TestInstancesProvider.getTestInstances(TestInstancesProvider.java:31)
	at org.junit.jupiter.engine.descriptor.TestMethodTestDescriptor.lambda$prepare$0(TestMethodTestDescriptor.java:106)
	at org.junit.platform.engine.support.hierarchical.ThrowableCollector.execute(ThrowableCollector.java:73)
	at org.junit.jupiter.engine.descriptor.TestMethodTestDescriptor.prepare(TestMethodTestDescriptor.java:105)
	at org.junit.jupiter.engine.descriptor.TestMethodTestDescriptor.prepare(TestMethodTestDescriptor.java:69)
	at org.junit.platform.engine.support.hierarchical.NodeTestTask.lambda$prepare$2(NodeTestTask.java:123)
	at org.junit.platform.engine.support.hierarchical.ThrowableCollector.execute(ThrowableCollector.java:73)
	at org.junit.platform.engine.support.hierarchical.NodeTestTask.prepare(NodeTestTask.java:123)
	at org.junit.platform.engine.support.hierarchical.NodeTestTask.execute(NodeTestTask.java:90)
	at java.base/java.util.ArrayList.forEach(ArrayList.java:1596)
	at org.junit.platform.engine.support.hierarchical.SameThreadHierarchicalTestExecutorService.invokeAll(SameThreadHierarchicalTestExecutorService.java:41)
	at org.junit.platform.engine.support.hierarchical.NodeTestTask.lambda$executeRecursively$6(NodeTestTask.java:155)
	at org.junit.platform.engine.support.hierarchical.ThrowableCollector.execute(ThrowableCollector.java:73)
	at org.junit.platform.engine.support.hierarchical.NodeTestTask.lambda$executeRecursively$8(NodeTestTask.java:141)
	at org.junit.platform.engine.support.hierarchical.Node.around(Node.java:137)
	at org.junit.platform.engine.support.hierarchical.NodeTestTask.lambda$executeRecursively$9(NodeTestTask.java:139)
	at org.junit.platform.engine.support.hierarchical.ThrowableCollector.execute(ThrowableCollector.java:73)
	at org.junit.platform.engine.support.hierarchical.NodeTestTask.executeRecursively(NodeTestTask.java:138)
	at org.junit.platform.engine.support.hierarchical.NodeTestTask.execute(NodeTestTask.java:95)
	at java.base/java.util.ArrayList.forEach(ArrayList.java:1596)
	at org.junit.platform.engine.support.hierarchical.SameThreadHierarchicalTestExecutorService.invokeAll(SameThreadHierarchicalTestExecutorService.java:41)
	at org.junit.platform.engine.support.hierarchical.NodeTestTask.lambda$executeRecursively$6(NodeTestTask.java:155)
	at org.junit.platform.engine.support.hierarchical.ThrowableCollector.execute(ThrowableCollector.java:73)
	at org.junit.platform.engine.support.hierarchical.NodeTestTask.lambda$executeRecursively$8(NodeTestTask.java:141)
	at org.junit.platform.engine.support.hierarchical.Node.around(Node.java:137)
	at org.junit.platform.engine.support.hierarchical.NodeTestTask.lambda$executeRecursively$9(NodeTestTask.java:139)
	at org.junit.platform.engine.support.hierarchical.ThrowableCollector.execute(ThrowableCollector.java:73)
	at org.junit.platform.engine.support.hierarchical.NodeTestTask.executeRecursively(NodeTestTask.java:138)
	at org.junit.platform.engine.support.hierarchical.NodeTestTask.execute(NodeTestTask.java:95)
	at org.junit.platform.engine.support.hierarchical.SameThreadHierarchicalTestExecutorService.submit(SameThreadHierarchicalTestExecutorService.java:35)
	at org.junit.platform.engine.support.hierarchical.HierarchicalTestExecutor.execute(HierarchicalTestExecutor.java:57)
	at org.junit.platform.engine.support.hierarchical.HierarchicalTestEngine.execute(HierarchicalTestEngine.java:54)
	at org.junit.platform.launcher.core.EngineExecutionOrchestrator.execute(EngineExecutionOrchestrator.java:198)
	at org.junit.platform.launcher.core.EngineExecutionOrchestrator.execute(EngineExecutionOrchestrator.java:169)
	at org.junit.platform.launcher.core.EngineExecutionOrchestrator.execute(EngineExecutionOrchestrator.java:93)
	at org.junit.platform.launcher.core.EngineExecutionOrchestrator.lambda$execute$0(EngineExecutionOrchestrator.java:58)
	at org.junit.platform.launcher.core.EngineExecutionOrchestrator.withInterceptedStreams(EngineExecutionOrchestrator.java:141)
	at org.junit.platform.launcher.core.EngineExecutionOrchestrator.execute(EngineExecutionOrchestrator.java:57)
	at org.junit.platform.launcher.core.DefaultLauncher.execute(DefaultLauncher.java:103)
	at org.junit.platform.launcher.core.DefaultLauncher.execute(DefaultLauncher.java:85)
	at org.junit.platform.launcher.core.DelegatingLauncher.execute(DelegatingLauncher.java:47)
	at org.apache.maven.surefire.junitplatform.LazyLauncher.execute(LazyLauncher.java:56)
	at org.apache.maven.surefire.junitplatform.JUnitPlatformProvider.execute(JUnitPlatformProvider.java:184)
	at org.apache.maven.surefire.junitplatform.JUnitPlatformProvider.invokeAllTests(JUnitPlatformProvider.java:148)
	at org.apache.maven.surefire.junitplatform.JUnitPlatformProvider.invoke(JUnitPlatformProvider.java:122)
	at org.apache.maven.surefire.booter.ForkedBooter.runSuitesInProcess(ForkedBooter.java:385)
	at org.apache.maven.surefire.booter.ForkedBooter.execute(ForkedBooter.java:162)
	at org.apache.maven.surefire.booter.ForkedBooter.run(ForkedBooter.java:507)
	at org.apache.maven.surefire.booter.ForkedBooter.main(ForkedBooter.java:495)
Caused by: org.springframework.jdbc.datasource.init.ScriptStatementFailedException: Failed to execute SQL script statement #1 of file [C:\Users\ARADHANA PANDA\claim-management\target\classes\data.sql]: INSERT INTO claims ( claim_number, policy_number, claimant_name, claimant_email, claimant_phone, description, claim_amount, status, incident_date, created_at, updated_at ) VALUES ( 'CLM-2024-000001', 'POL-AUTO-2024-001', 'John Smith', 'john.smith@email.com', '+1-555-123-4567', 'Rear-end collision at intersection of Main Street and Oak Avenue. Minor damage to rear bumper and trunk.', 2500.00, 'SUBMITTED', '2024-01-15 14:30:00', '2024-01-16 09:00:00', '2024-01-16 09:00:00' ), ( 'CLM-2024-000002', 'POL-HOME-2024-002', 'Sarah Johnson', 'sarah.johnson@email.com', '+1-555-234-5678', 'Water damage in basement due to burst pipe. Affected flooring, drywall, and personal belongings.', 8750.50, 'UNDER_REVIEW', '2024-01-10 08:15:00', '2024-01-11 10:30:00', '2024-01-18 14:20:00' ), ( 'CLM-2024-000003', 'POL-HEALTH-2024-003', 'Michael Brown', 'michael.brown@email.com', '+1-555-345-6789', 'Emergency room visit for broken arm after bicycle accident. Includes X-rays, treatment, and follow-up care.', 1250.75, 'APPROVED', '2024-01-08 16:45:00', '2024-01-09 11:15:00', '2024-01-20 13:45:00' ), ( 'CLM-2024-000004', 'POL-AUTO-2024-004', 'Emily Davis', 'emily.davis@email.com', '+1-555-456-7890', 'Total loss of vehicle due to collision with deer on Highway 101. Vehicle is beyond economical repair.', 25000.00, 'UNDER_REVIEW', '2024-01-12 19:20:00', '2024-01-13 08:45:00', '2024-01-19 16:30:00' ), ( 'CLM-2024-000005', 'POL-PROP-2024-005', 'Robert Wilson', 'robert.wilson@email.com', '+1-555-567-8901', 'Theft of electronics and jewelry from home during vacation. Police report filed.', 5500.25, 'REJECTED', '2024-01-05 00:00:00', '2024-01-06 12:00:00', '2024-01-22 10:15:00' ), ( 'CLM-2024-000006', 'POL-LIFE-2024-006', 'Jennifer Martinez', 'jennifer.martinez@email.com', '+1-555-678-9012', 'Accidental death benefit claim. All required documentation has been submitted.', 100000.00, 'PAID', '2023-12-28 10:30:00', '2024-01-02 14:20:00', '2024-01-25 11:00:00' ), ( 'CLM-2024-000007', 'POL-AUTO-2024-007', 'David Anderson', 'david.anderson@email.com', '+1-555-789-0123', 'Windshield crack from road debris. Needs replacement for safety reasons.', 350.00, 'APPROVED', '2024-01-20 07:45:00', '2024-01-21 09:30:00', '2024-01-23 15:10:00' ), ( 'CLM-2024-000008', 'POL-HOME-2024-008', 'Lisa Thompson', 'lisa.thompson@email.com', '+1-555-890-1234', 'Roof damage from hailstorm. Multiple shingles damaged and gutters need repair.', 4200.80, 'SUBMITTED', '2024-01-22 15:30:00', '2024-01-23 08:15:00', '2024-01-23 08:15:00' ), ( 'CLM-2024-000009', 'POL-HEALTH-2024-009', 'Christopher Lee', 'christopher.lee@email.com', '+1-555-901-2345', 'Routine surgery with complications requiring extended hospital stay.', 15750.60, 'UNDER_REVIEW', '2024-01-18 11:00:00', '2024-01-19 13:45:00', '2024-01-24 09:20:00' ), ( 'CLM-2024-000010', 'POL-AUTO-2024-010', 'Amanda Garcia', 'amanda.garcia@email.com', '+1-555-012-3456', 'Minor fender bender in parking lot. Claimant decided to handle privately.', 800.00, 'CANCELLED', '2024-01-25 12:15:00', '2024-01-26 10:00:00', '2024-01-27 14:30:00' )
	at org.springframework.jdbc.datasource.init.ScriptUtils.executeSqlScript(ScriptUtils.java:282)
	at org.springframework.jdbc.datasource.init.ResourceDatabasePopulator.populate(ResourceDatabasePopulator.java:254)
	at org.springframework.jdbc.datasource.init.DatabasePopulatorUtils.execute(DatabasePopulatorUtils.java:54)
	at org.springframework.boot.jdbc.init.DataSourceScriptDatabaseInitializer.runScripts(DataSourceScriptDatabaseInitializer.java:87)
	at org.springframework.boot.sql.init.AbstractScriptDatabaseInitializer.runScripts(AbstractScriptDatabaseInitializer.java:146)
	at org.springframework.boot.sql.init.AbstractScriptDatabaseInitializer.applyScripts(AbstractScriptDatabaseInitializer.java:108)
	at org.springframework.boot.sql.init.AbstractScriptDatabaseInitializer.applyDataScripts(AbstractScriptDatabaseInitializer.java:102)
	at org.springframework.boot.sql.init.AbstractScriptDatabaseInitializer.initializeDatabase(AbstractScriptDatabaseInitializer.java:77)
	at org.springframework.boot.sql.init.AbstractScriptDatabaseInitializer.afterPropertiesSet(AbstractScriptDatabaseInitializer.java:66)
	at org.springframework.beans.factory.support.AbstractAutowireCapableBeanFactory.invokeInitMethods(AbstractAutowireCapableBeanFactory.java:1820)
	at org.springframework.beans.factory.support.AbstractAutowireCapableBeanFactory.initializeBean(AbstractAutowireCapableBeanFactory.java:1769)
	... 96 common frames omitted
Caused by: org.h2.jdbc.JdbcSQLSyntaxErrorException: Table "CLAIMS" not found (this database is empty); SQL statement:
INSERT INTO claims ( claim_number, policy_number, claimant_name, claimant_email, claimant_phone, description, claim_amount, status, incident_date, created_at, updated_at ) VALUES ( 'CLM-2024-000001', 'POL-AUTO-2024-001', 'John Smith', 'john.smith@email.com', '+1-555-123-4567', 'Rear-end collision at intersection of Main Street and Oak Avenue. Minor damage to rear bumper and trunk.', 2500.00, 'SUBMITTED', '2024-01-15 14:30:00', '2024-01-16 09:00:00', '2024-01-16 09:00:00' ), ( 'CLM-2024-000002', 'POL-HOME-2024-002', 'Sarah Johnson', 'sarah.johnson@email.com', '+1-555-234-5678', 'Water damage in basement due to burst pipe. Affected flooring, drywall, and personal belongings.', 8750.50, 'UNDER_REVIEW', '2024-01-10 08:15:00', '2024-01-11 10:30:00', '2024-01-18 14:20:00' ), ( 'CLM-2024-000003', 'POL-HEALTH-2024-003', 'Michael Brown', 'michael.brown@email.com', '+1-555-345-6789', 'Emergency room visit for broken arm after bicycle accident. Includes X-rays, treatment, and follow-up care.', 1250.75, 'APPROVED', '2024-01-08 16:45:00', '2024-01-09 11:15:00', '2024-01-20 13:45:00' ), ( 'CLM-2024-000004', 'POL-AUTO-2024-004', 'Emily Davis', 'emily.davis@email.com', '+1-555-456-7890', 'Total loss of vehicle due to collision with deer on Highway 101. Vehicle is beyond economical repair.', 25000.00, 'UNDER_REVIEW', '2024-01-12 19:20:00', '2024-01-13 08:45:00', '2024-01-19 16:30:00' ), ( 'CLM-2024-000005', 'POL-PROP-2024-005', 'Robert Wilson', 'robert.wilson@email.com', '+1-555-567-8901', 'Theft of electronics and jewelry from home during vacation. Police report filed.', 5500.25, 'REJECTED', '2024-01-05 00:00:00', '2024-01-06 12:00:00', '2024-01-22 10:15:00' ), ( 'CLM-2024-000006', 'POL-LIFE-2024-006', 'Jennifer Martinez', 'jennifer.martinez@email.com', '+1-555-678-9012', 'Accidental death benefit claim. All required documentation has been submitted.', 100000.00, 'PAID', '2023-12-28 10:30:00', '2024-01-02 14:20:00', '2024-01-25 11:00:00' ), ( 'CLM-2024-000007', 'POL-AUTO-2024-007', 'David Anderson', 'david.anderson@email.com', '+1-555-789-0123', 'Windshield crack from road debris. Needs replacement for safety reasons.', 350.00, 'APPROVED', '2024-01-20 07:45:00', '2024-01-21 09:30:00', '2024-01-23 15:10:00' ), ( 'CLM-2024-000008', 'POL-HOME-2024-008', 'Lisa Thompson', 'lisa.thompson@email.com', '+1-555-890-1234', 'Roof damage from hailstorm. Multiple shingles damaged and gutters need repair.', 4200.80, 'SUBMITTED', '2024-01-22 15:30:00', '2024-01-23 08:15:00', '2024-01-23 08:15:00' ), ( 'CLM-2024-000009', 'POL-HEALTH-2024-009', 'Christopher Lee', 'christopher.lee@email.com', '+1-555-901-2345', 'Routine surgery with complications requiring extended hospital stay.', 15750.60, 'UNDER_REVIEW', '2024-01-18 11:00:00', '2024-01-19 13:45:00', '2024-01-24 09:20:00' ), ( 'CLM-2024-000010', 'POL-AUTO-2024-010', 'Amanda Garcia', 'amanda.garcia@email.com', '+1-555-012-3456', 'Minor fender bender in parking lot. Claimant decided to handle privately.', 800.00, 'CANCELLED', '2024-01-25 12:15:00', '2024-01-26 10:00:00', '2024-01-27 14:30:00' ) [42104-224]
	at org.h2.message.DbException.getJdbcSQLException(DbException.java:514)
	at org.h2.message.DbException.getJdbcSQLException(DbException.java:489)
	at org.h2.message.DbException.get(DbException.java:223)
	at org.h2.message.DbException.get(DbException.java:199)
	at org.h2.command.Parser.getTableOrViewNotFoundDbException(Parser.java:8051)
	at org.h2.command.Parser.getTableOrViewNotFoundDbException(Parser.java:8035)
	at org.h2.command.Parser.readTableOrView(Parser.java:8024)
	at org.h2.command.Parser.readTableOrView(Parser.java:7990)
	at org.h2.command.Parser.parseInsert(Parser.java:1540)
	at org.h2.command.Parser.parsePrepared(Parser.java:719)
	at org.h2.command.Parser.parse(Parser.java:592)
	at org.h2.command.Parser.parse(Parser.java:564)
	at org.h2.command.Parser.prepareCommand(Parser.java:483)
	at org.h2.engine.SessionLocal.prepareLocal(SessionLocal.java:639)
	at org.h2.engine.SessionLocal.prepareCommand(SessionLocal.java:559)
	at org.h2.jdbc.JdbcConnection.prepareCommand(JdbcConnection.java:1166)
	at org.h2.jdbc.JdbcStatement.executeInternal(JdbcStatement.java:245)
	at org.h2.jdbc.JdbcStatement.execute(JdbcStatement.java:231)
	at org.springframework.jdbc.datasource.init.ScriptUtils.executeSqlScript(ScriptUtils.java:261)
	... 106 common frames omitted
21:26:17.884 [main] WARN  o.s.test.context.TestContextManager - Caught exception while allowing TestExecutionListener [org.springframework.test.context.support.DependencyInjectionTestExecutionListener] to prepare test instance [com.claimmanagement.repository.ClaimRepositoryTest@3d3e9163]
java.lang.IllegalStateException: Failed to load ApplicationContext for [MergedContextConfiguration@6b8f1c62 testClass = com.claimmanagement.repository.ClaimRepositoryTest, locations = [], classes = [com.claimmanagement.ClaimManagementServiceApplication], contextInitializerClasses = [], activeProfiles = ["test"], propertySourceDescriptors = [], propertySourceProperties = ["org.springframework.boot.test.autoconfigure.orm.jpa.DataJpaTestContextBootstrapper=true"], contextCustomizers = [[ImportsContextCustomizer@67c020c8 key = [org.springframework.boot.autoconfigure.transaction.TransactionAutoConfiguration, org.springframework.boot.autoconfigure.data.jpa.JpaRepositoriesAutoConfiguration, org.springframework.boot.test.autoconfigure.orm.jpa.TestEntityManagerAutoConfiguration, org.springframework.boot.autoconfigure.cache.CacheAutoConfiguration, org.springframework.boot.autoconfigure.orm.jpa.HibernateJpaAutoConfiguration, org.springframework.boot.autoconfigure.sql.init.SqlInitializationAutoConfiguration, org.springframework.boot.test.autoconfigure.jdbc.TestDatabaseAutoConfiguration, org.springframework.boot.autoconfigure.flyway.FlywayAutoConfiguration, org.springframework.boot.autoconfigure.jdbc.DataSourceTransactionManagerAutoConfiguration, org.springframework.boot.autoconfigure.liquibase.LiquibaseAutoConfiguration, org.springframework.boot.autoconfigure.jdbc.JdbcClientAutoConfiguration, org.springframework.boot.autoconfigure.jdbc.DataSourceAutoConfiguration, org.springframework.boot.autoconfigure.jdbc.JdbcTemplateAutoConfiguration]], org.springframework.boot.test.context.filter.ExcludeFilterContextCustomizer@23ee75c5, org.springframework.boot.test.json.DuplicateJsonObjectContextCustomizerFactory$DuplicateJsonObjectContextCustomizer@6050462a, org.springframework.boot.test.mock.mockito.MockitoContextCustomizer@0, org.springframework.boot.test.autoconfigure.OverrideAutoConfigurationContextCustomizerFactory$DisableAutoConfigurationContextCustomizer@4cbd03e7, org.springframework.boot.test.autoconfigure.actuate.observability.ObservabilityContextCustomizerFactory$DisableObservabilityContextCustomizer@1f, org.springframework.boot.test.autoconfigure.filter.TypeExcludeFiltersContextCustomizer@34be3d80, org.springframework.boot.test.autoconfigure.properties.PropertyMappingContextCustomizer@81f2e8e0, org.springframework.boot.test.autoconfigure.web.servlet.WebDriverContextCustomizer@3766c667, org.springframework.boot.test.context.SpringBootTestAnnotation@1a878dcd], contextLoader = org.springframework.boot.test.context.SpringBootContextLoader, parent = null]
	at org.springframework.test.context.cache.DefaultCacheAwareContextLoaderDelegate.loadContext(DefaultCacheAwareContextLoaderDelegate.java:180)
	at org.springframework.test.context.support.DefaultTestContext.getApplicationContext(DefaultTestContext.java:130)
	at org.springframework.test.context.support.DependencyInjectionTestExecutionListener.injectDependencies(DependencyInjectionTestExecutionListener.java:142)
	at org.springframework.test.context.support.DependencyInjectionTestExecutionListener.prepareTestInstance(DependencyInjectionTestExecutionListener.java:98)
	at org.springframework.test.context.TestContextManager.prepareTestInstance(TestContextManager.java:260)
	at org.springframework.test.context.junit.jupiter.SpringExtension.postProcessTestInstance(SpringExtension.java:163)
	at org.junit.jupiter.engine.descriptor.ClassBasedTestDescriptor.lambda$invokeTestInstancePostProcessors$10(ClassBasedTestDescriptor.java:378)
	at org.junit.jupiter.engine.descriptor.ClassBasedTestDescriptor.executeAndMaskThrowable(ClassBasedTestDescriptor.java:383)
	at org.junit.jupiter.engine.descriptor.ClassBasedTestDescriptor.lambda$invokeTestInstancePostProcessors$11(ClassBasedTestDescriptor.java:378)
	at java.base/java.util.stream.ReferencePipeline$3$1.accept(ReferencePipeline.java:197)
	at java.base/java.util.stream.ReferencePipeline$2$1.accept(ReferencePipeline.java:179)
	at java.base/java.util.ArrayList$ArrayListSpliterator.forEachRemaining(ArrayList.java:1708)
	at java.base/java.util.stream.AbstractPipeline.copyInto(AbstractPipeline.java:509)
	at java.base/java.util.stream.AbstractPipeline.wrapAndCopyInto(AbstractPipeline.java:499)
	at java.base/java.util.stream.StreamSpliterators$WrappingSpliterator.forEachRemaining(StreamSpliterators.java:310)
	at java.base/java.util.stream.Streams$ConcatSpliterator.forEachRemaining(Streams.java:735)
	at java.base/java.util.stream.Streams$ConcatSpliterator.forEachRemaining(Streams.java:734)
	at java.base/java.util.stream.ReferencePipeline$Head.forEach(ReferencePipeline.java:762)
	at org.junit.jupiter.engine.descriptor.ClassBasedTestDescriptor.invokeTestInstancePostProcessors(ClassBasedTestDescriptor.java:377)
	at org.junit.jupiter.engine.descriptor.ClassBasedTestDescriptor.lambda$instantiateAndPostProcessTestInstance$6(ClassBasedTestDescriptor.java:290)
	at org.junit.platform.engine.support.hierarchical.ThrowableCollector.execute(ThrowableCollector.java:73)
	at org.junit.jupiter.engine.descriptor.ClassBasedTestDescriptor.instantiateAndPostProcessTestInstance(ClassBasedTestDescriptor.java:289)
	at org.junit.jupiter.engine.descriptor.ClassBasedTestDescriptor.lambda$testInstancesProvider$4(ClassBasedTestDescriptor.java:279)
	at java.base/java.util.Optional.orElseGet(Optional.java:364)
	at org.junit.jupiter.engine.descriptor.ClassBasedTestDescriptor.lambda$testInstancesProvider$5(ClassBasedTestDescriptor.java:278)
	at org.junit.jupiter.engine.execution.TestInstancesProvider.getTestInstances(TestInstancesProvider.java:31)
	at org.junit.jupiter.engine.descriptor.TestMethodTestDescriptor.lambda$prepare$0(TestMethodTestDescriptor.java:106)
	at org.junit.platform.engine.support.hierarchical.ThrowableCollector.execute(ThrowableCollector.java:73)
	at org.junit.jupiter.engine.descriptor.TestMethodTestDescriptor.prepare(TestMethodTestDescriptor.java:105)
	at org.junit.jupiter.engine.descriptor.TestMethodTestDescriptor.prepare(TestMethodTestDescriptor.java:69)
	at org.junit.platform.engine.support.hierarchical.NodeTestTask.lambda$prepare$2(NodeTestTask.java:123)
	at org.junit.platform.engine.support.hierarchical.ThrowableCollector.execute(ThrowableCollector.java:73)
	at org.junit.platform.engine.support.hierarchical.NodeTestTask.prepare(NodeTestTask.java:123)
	at org.junit.platform.engine.support.hierarchical.NodeTestTask.execute(NodeTestTask.java:90)
	at java.base/java.util.ArrayList.forEach(ArrayList.java:1596)
	at org.junit.platform.engine.support.hierarchical.SameThreadHierarchicalTestExecutorService.invokeAll(SameThreadHierarchicalTestExecutorService.java:41)
	at org.junit.platform.engine.support.hierarchical.NodeTestTask.lambda$executeRecursively$6(NodeTestTask.java:155)
	at org.junit.platform.engine.support.hierarchical.ThrowableCollector.execute(ThrowableCollector.java:73)
	at org.junit.platform.engine.support.hierarchical.NodeTestTask.lambda$executeRecursively$8(NodeTestTask.java:141)
	at org.junit.platform.engine.support.hierarchical.Node.around(Node.java:137)
	at org.junit.platform.engine.support.hierarchical.NodeTestTask.lambda$executeRecursively$9(NodeTestTask.java:139)
	at org.junit.platform.engine.support.hierarchical.ThrowableCollector.execute(ThrowableCollector.java:73)
	at org.junit.platform.engine.support.hierarchical.NodeTestTask.executeRecursively(NodeTestTask.java:138)
	at org.junit.platform.engine.support.hierarchical.NodeTestTask.execute(NodeTestTask.java:95)
	at java.base/java.util.ArrayList.forEach(ArrayList.java:1596)
	at org.junit.platform.engine.support.hierarchical.SameThreadHierarchicalTestExecutorService.invokeAll(SameThreadHierarchicalTestExecutorService.java:41)
	at org.junit.platform.engine.support.hierarchical.NodeTestTask.lambda$executeRecursively$6(NodeTestTask.java:155)
	at org.junit.platform.engine.support.hierarchical.ThrowableCollector.execute(ThrowableCollector.java:73)
	at org.junit.platform.engine.support.hierarchical.NodeTestTask.lambda$executeRecursively$8(NodeTestTask.java:141)
	at org.junit.platform.engine.support.hierarchical.Node.around(Node.java:137)
	at org.junit.platform.engine.support.hierarchical.NodeTestTask.lambda$executeRecursively$9(NodeTestTask.java:139)
	at org.junit.platform.engine.support.hierarchical.ThrowableCollector.execute(ThrowableCollector.java:73)
	at org.junit.platform.engine.support.hierarchical.NodeTestTask.executeRecursively(NodeTestTask.java:138)
	at org.junit.platform.engine.support.hierarchical.NodeTestTask.execute(NodeTestTask.java:95)
	at org.junit.platform.engine.support.hierarchical.SameThreadHierarchicalTestExecutorService.submit(SameThreadHierarchicalTestExecutorService.java:35)
	at org.junit.platform.engine.support.hierarchical.HierarchicalTestExecutor.execute(HierarchicalTestExecutor.java:57)
	at org.junit.platform.engine.support.hierarchical.HierarchicalTestEngine.execute(HierarchicalTestEngine.java:54)
	at org.junit.platform.launcher.core.EngineExecutionOrchestrator.execute(EngineExecutionOrchestrator.java:198)
	at org.junit.platform.launcher.core.EngineExecutionOrchestrator.execute(EngineExecutionOrchestrator.java:169)
	at org.junit.platform.launcher.core.EngineExecutionOrchestrator.execute(EngineExecutionOrchestrator.java:93)
	at org.junit.platform.launcher.core.EngineExecutionOrchestrator.lambda$execute$0(EngineExecutionOrchestrator.java:58)
	at org.junit.platform.launcher.core.EngineExecutionOrchestrator.withInterceptedStreams(EngineExecutionOrchestrator.java:141)
	at org.junit.platform.launcher.core.EngineExecutionOrchestrator.execute(EngineExecutionOrchestrator.java:57)
	at org.junit.platform.launcher.core.DefaultLauncher.execute(DefaultLauncher.java:103)
	at org.junit.platform.launcher.core.DefaultLauncher.execute(DefaultLauncher.java:85)
	at org.junit.platform.launcher.core.DelegatingLauncher.execute(DelegatingLauncher.java:47)
	at org.apache.maven.surefire.junitplatform.LazyLauncher.execute(LazyLauncher.java:56)
	at org.apache.maven.surefire.junitplatform.JUnitPlatformProvider.execute(JUnitPlatformProvider.java:184)
	at org.apache.maven.surefire.junitplatform.JUnitPlatformProvider.invokeAllTests(JUnitPlatformProvider.java:148)
	at org.apache.maven.surefire.junitplatform.JUnitPlatformProvider.invoke(JUnitPlatformProvider.java:122)
	at org.apache.maven.surefire.booter.ForkedBooter.runSuitesInProcess(ForkedBooter.java:385)
	at org.apache.maven.surefire.booter.ForkedBooter.execute(ForkedBooter.java:162)
	at org.apache.maven.surefire.booter.ForkedBooter.run(ForkedBooter.java:507)
	at org.apache.maven.surefire.booter.ForkedBooter.main(ForkedBooter.java:495)
Caused by: org.springframework.beans.factory.BeanCreationException: Error creating bean with name 'dataSourceScriptDatabaseInitializer' defined in class path resource [org/springframework/boot/autoconfigure/sql/init/DataSourceInitializationConfiguration.class]: Failed to execute SQL script statement #1 of file [C:\Users\ARADHANA PANDA\claim-management\target\classes\data.sql]: INSERT INTO claims ( claim_number, policy_number, claimant_name, claimant_email, claimant_phone, description, claim_amount, status, incident_date, created_at, updated_at ) VALUES ( 'CLM-2024-000001', 'POL-AUTO-2024-001', 'John Smith', 'john.smith@email.com', '+1-555-123-4567', 'Rear-end collision at intersection of Main Street and Oak Avenue. Minor damage to rear bumper and trunk.', 2500.00, 'SUBMITTED', '2024-01-15 14:30:00', '2024-01-16 09:00:00', '2024-01-16 09:00:00' ), ( 'CLM-2024-000002', 'POL-HOME-2024-002', 'Sarah Johnson', 'sarah.johnson@email.com', '+1-555-234-5678', 'Water damage in basement due to burst pipe. Affected flooring, drywall, and personal belongings.', 8750.50, 'UNDER_REVIEW', '2024-01-10 08:15:00', '2024-01-11 10:30:00', '2024-01-18 14:20:00' ), ( 'CLM-2024-000003', 'POL-HEALTH-2024-003', 'Michael Brown', 'michael.brown@email.com', '+1-555-345-6789', 'Emergency room visit for broken arm after bicycle accident. Includes X-rays, treatment, and follow-up care.', 1250.75, 'APPROVED', '2024-01-08 16:45:00', '2024-01-09 11:15:00', '2024-01-20 13:45:00' ), ( 'CLM-2024-000004', 'POL-AUTO-2024-004', 'Emily Davis', 'emily.davis@email.com', '+1-555-456-7890', 'Total loss of vehicle due to collision with deer on Highway 101. Vehicle is beyond economical repair.', 25000.00, 'UNDER_REVIEW', '2024-01-12 19:20:00', '2024-01-13 08:45:00', '2024-01-19 16:30:00' ), ( 'CLM-2024-000005', 'POL-PROP-2024-005', 'Robert Wilson', 'robert.wilson@email.com', '+1-555-567-8901', 'Theft of electronics and jewelry from home during vacation. Police report filed.', 5500.25, 'REJECTED', '2024-01-05 00:00:00', '2024-01-06 12:00:00', '2024-01-22 10:15:00' ), ( 'CLM-2024-000006', 'POL-LIFE-2024-006', 'Jennifer Martinez', 'jennifer.martinez@email.com', '+1-555-678-9012', 'Accidental death benefit claim. All required documentation has been submitted.', 100000.00, 'PAID', '2023-12-28 10:30:00', '2024-01-02 14:20:00', '2024-01-25 11:00:00' ), ( 'CLM-2024-000007', 'POL-AUTO-2024-007', 'David Anderson', 'david.anderson@email.com', '+1-555-789-0123', 'Windshield crack from road debris. Needs replacement for safety reasons.', 350.00, 'APPROVED', '2024-01-20 07:45:00', '2024-01-21 09:30:00', '2024-01-23 15:10:00' ), ( 'CLM-2024-000008', 'POL-HOME-2024-008', 'Lisa Thompson', 'lisa.thompson@email.com', '+1-555-890-1234', 'Roof damage from hailstorm. Multiple shingles damaged and gutters need repair.', 4200.80, 'SUBMITTED', '2024-01-22 15:30:00', '2024-01-23 08:15:00', '2024-01-23 08:15:00' ), ( 'CLM-2024-000009', 'POL-HEALTH-2024-009', 'Christopher Lee', 'christopher.lee@email.com', '+1-555-901-2345', 'Routine surgery with complications requiring extended hospital stay.', 15750.60, 'UNDER_REVIEW', '2024-01-18 11:00:00', '2024-01-19 13:45:00', '2024-01-24 09:20:00' ), ( 'CLM-2024-000010', 'POL-AUTO-2024-010', 'Amanda Garcia', 'amanda.garcia@email.com', '+1-555-012-3456', 'Minor fender bender in parking lot. Claimant decided to handle privately.', 800.00, 'CANCELLED', '2024-01-25 12:15:00', '2024-01-26 10:00:00', '2024-01-27 14:30:00' )
	at org.springframework.beans.factory.support.AbstractAutowireCapableBeanFactory.initializeBean(AbstractAutowireCapableBeanFactory.java:1773)
	at org.springframework.beans.factory.support.AbstractAutowireCapableBeanFactory.doCreateBean(AbstractAutowireCapableBeanFactory.java:599)
	at org.springframework.beans.factory.support.AbstractAutowireCapableBeanFactory.createBean(AbstractAutowireCapableBeanFactory.java:521)
	at org.springframework.beans.factory.support.AbstractBeanFactory.lambda$doGetBean$0(AbstractBeanFactory.java:325)
	at org.springframework.beans.factory.support.DefaultSingletonBeanRegistry.getSingleton(DefaultSingletonBeanRegistry.java:234)
	at org.springframework.beans.factory.support.AbstractBeanFactory.doGetBean(AbstractBeanFactory.java:323)
	at org.springframework.beans.factory.support.AbstractBeanFactory.getBean(AbstractBeanFactory.java:199)
	at org.springframework.beans.factory.support.AbstractBeanFactory.doGetBean(AbstractBeanFactory.java:312)
	at org.springframework.beans.factory.support.AbstractBeanFactory.getBean(AbstractBeanFactory.java:199)
	at org.springframework.context.support.AbstractApplicationContext.getBean(AbstractApplicationContext.java:1231)
	at org.springframework.context.support.AbstractApplicationContext.finishBeanFactoryInitialization(AbstractApplicationContext.java:949)
	at org.springframework.context.support.AbstractApplicationContext.refresh(AbstractApplicationContext.java:624)
	at org.springframework.boot.SpringApplication.refresh(SpringApplication.java:754)
	at org.springframework.boot.SpringApplication.refreshContext(SpringApplication.java:456)
	at org.springframework.boot.SpringApplication.run(SpringApplication.java:334)
	at org.springframework.boot.test.context.SpringBootContextLoader.lambda$loadContext$3(SpringBootContextLoader.java:137)
	at org.springframework.util.function.ThrowingSupplier.get(ThrowingSupplier.java:58)
	at org.springframework.util.function.ThrowingSupplier.get(ThrowingSupplier.java:46)
	at org.springframework.boot.SpringApplication.withHook(SpringApplication.java:1454)
	at org.springframework.boot.test.context.SpringBootContextLoader$ContextLoaderHook.run(SpringBootContextLoader.java:552)
	at org.springframework.boot.test.context.SpringBootContextLoader.loadContext(SpringBootContextLoader.java:137)
	at org.springframework.boot.test.context.SpringBootContextLoader.loadContext(SpringBootContextLoader.java:108)
	at org.springframework.test.context.cache.DefaultCacheAwareContextLoaderDelegate.loadContextInternal(DefaultCacheAwareContextLoaderDelegate.java:225)
	at org.springframework.test.context.cache.DefaultCacheAwareContextLoaderDelegate.loadContext(DefaultCacheAwareContextLoaderDelegate.java:152)
	... 73 common frames omitted
Caused by: org.springframework.jdbc.datasource.init.ScriptStatementFailedException: Failed to execute SQL script statement #1 of file [C:\Users\ARADHANA PANDA\claim-management\target\classes\data.sql]: INSERT INTO claims ( claim_number, policy_number, claimant_name, claimant_email, claimant_phone, description, claim_amount, status, incident_date, created_at, updated_at ) VALUES ( 'CLM-2024-000001', 'POL-AUTO-2024-001', 'John Smith', 'john.smith@email.com', '+1-555-123-4567', 'Rear-end collision at intersection of Main Street and Oak Avenue. Minor damage to rear bumper and trunk.', 2500.00, 'SUBMITTED', '2024-01-15 14:30:00', '2024-01-16 09:00:00', '2024-01-16 09:00:00' ), ( 'CLM-2024-000002', 'POL-HOME-2024-002', 'Sarah Johnson', 'sarah.johnson@email.com', '+1-555-234-5678', 'Water damage in basement due to burst pipe. Affected flooring, drywall, and personal belongings.', 8750.50, 'UNDER_REVIEW', '2024-01-10 08:15:00', '2024-01-11 10:30:00', '2024-01-18 14:20:00' ), ( 'CLM-2024-000003', 'POL-HEALTH-2024-003', 'Michael Brown', 'michael.brown@email.com', '+1-555-345-6789', 'Emergency room visit for broken arm after bicycle accident. Includes X-rays, treatment, and follow-up care.', 1250.75, 'APPROVED', '2024-01-08 16:45:00', '2024-01-09 11:15:00', '2024-01-20 13:45:00' ), ( 'CLM-2024-000004', 'POL-AUTO-2024-004', 'Emily Davis', 'emily.davis@email.com', '+1-555-456-7890', 'Total loss of vehicle due to collision with deer on Highway 101. Vehicle is beyond economical repair.', 25000.00, 'UNDER_REVIEW', '2024-01-12 19:20:00', '2024-01-13 08:45:00', '2024-01-19 16:30:00' ), ( 'CLM-2024-000005', 'POL-PROP-2024-005', 'Robert Wilson', 'robert.wilson@email.com', '+1-555-567-8901', 'Theft of electronics and jewelry from home during vacation. Police report filed.', 5500.25, 'REJECTED', '2024-01-05 00:00:00', '2024-01-06 12:00:00', '2024-01-22 10:15:00' ), ( 'CLM-2024-000006', 'POL-LIFE-2024-006', 'Jennifer Martinez', 'jennifer.martinez@email.com', '+1-555-678-9012', 'Accidental death benefit claim. All required documentation has been submitted.', 100000.00, 'PAID', '2023-12-28 10:30:00', '2024-01-02 14:20:00', '2024-01-25 11:00:00' ), ( 'CLM-2024-000007', 'POL-AUTO-2024-007', 'David Anderson', 'david.anderson@email.com', '+1-555-789-0123', 'Windshield crack from road debris. Needs replacement for safety reasons.', 350.00, 'APPROVED', '2024-01-20 07:45:00', '2024-01-21 09:30:00', '2024-01-23 15:10:00' ), ( 'CLM-2024-000008', 'POL-HOME-2024-008', 'Lisa Thompson', 'lisa.thompson@email.com', '+1-555-890-1234', 'Roof damage from hailstorm. Multiple shingles damaged and gutters need repair.', 4200.80, 'SUBMITTED', '2024-01-22 15:30:00', '2024-01-23 08:15:00', '2024-01-23 08:15:00' ), ( 'CLM-2024-000009', 'POL-HEALTH-2024-009', 'Christopher Lee', 'christopher.lee@email.com', '+1-555-901-2345', 'Routine surgery with complications requiring extended hospital stay.', 15750.60, 'UNDER_REVIEW', '2024-01-18 11:00:00', '2024-01-19 13:45:00', '2024-01-24 09:20:00' ), ( 'CLM-2024-000010', 'POL-AUTO-2024-010', 'Amanda Garcia', 'amanda.garcia@email.com', '+1-555-012-3456', 'Minor fender bender in parking lot. Claimant decided to handle privately.', 800.00, 'CANCELLED', '2024-01-25 12:15:00', '2024-01-26 10:00:00', '2024-01-27 14:30:00' )
	at org.springframework.jdbc.datasource.init.ScriptUtils.executeSqlScript(ScriptUtils.java:282)
	at org.springframework.jdbc.datasource.init.ResourceDatabasePopulator.populate(ResourceDatabasePopulator.java:254)
	at org.springframework.jdbc.datasource.init.DatabasePopulatorUtils.execute(DatabasePopulatorUtils.java:54)
	at org.springframework.boot.jdbc.init.DataSourceScriptDatabaseInitializer.runScripts(DataSourceScriptDatabaseInitializer.java:87)
	at org.springframework.boot.sql.init.AbstractScriptDatabaseInitializer.runScripts(AbstractScriptDatabaseInitializer.java:146)
	at org.springframework.boot.sql.init.AbstractScriptDatabaseInitializer.applyScripts(AbstractScriptDatabaseInitializer.java:108)
	at org.springframework.boot.sql.init.AbstractScriptDatabaseInitializer.applyDataScripts(AbstractScriptDatabaseInitializer.java:102)
	at org.springframework.boot.sql.init.AbstractScriptDatabaseInitializer.initializeDatabase(AbstractScriptDatabaseInitializer.java:77)
	at org.springframework.boot.sql.init.AbstractScriptDatabaseInitializer.afterPropertiesSet(AbstractScriptDatabaseInitializer.java:66)
	at org.springframework.beans.factory.support.AbstractAutowireCapableBeanFactory.invokeInitMethods(AbstractAutowireCapableBeanFactory.java:1820)
	at org.springframework.beans.factory.support.AbstractAutowireCapableBeanFactory.initializeBean(AbstractAutowireCapableBeanFactory.java:1769)
	... 96 common frames omitted
Caused by: org.h2.jdbc.JdbcSQLSyntaxErrorException: Table "CLAIMS" not found (this database is empty); SQL statement:
INSERT INTO claims ( claim_number, policy_number, claimant_name, claimant_email, claimant_phone, description, claim_amount, status, incident_date, created_at, updated_at ) VALUES ( 'CLM-2024-000001', 'POL-AUTO-2024-001', 'John Smith', 'john.smith@email.com', '+1-555-123-4567', 'Rear-end collision at intersection of Main Street and Oak Avenue. Minor damage to rear bumper and trunk.', 2500.00, 'SUBMITTED', '2024-01-15 14:30:00', '2024-01-16 09:00:00', '2024-01-16 09:00:00' ), ( 'CLM-2024-000002', 'POL-HOME-2024-002', 'Sarah Johnson', 'sarah.johnson@email.com', '+1-555-234-5678', 'Water damage in basement due to burst pipe. Affected flooring, drywall, and personal belongings.', 8750.50, 'UNDER_REVIEW', '2024-01-10 08:15:00', '2024-01-11 10:30:00', '2024-01-18 14:20:00' ), ( 'CLM-2024-000003', 'POL-HEALTH-2024-003', 'Michael Brown', 'michael.brown@email.com', '+1-555-345-6789', 'Emergency room visit for broken arm after bicycle accident. Includes X-rays, treatment, and follow-up care.', 1250.75, 'APPROVED', '2024-01-08 16:45:00', '2024-01-09 11:15:00', '2024-01-20 13:45:00' ), ( 'CLM-2024-000004', 'POL-AUTO-2024-004', 'Emily Davis', 'emily.davis@email.com', '+1-555-456-7890', 'Total loss of vehicle due to collision with deer on Highway 101. Vehicle is beyond economical repair.', 25000.00, 'UNDER_REVIEW', '2024-01-12 19:20:00', '2024-01-13 08:45:00', '2024-01-19 16:30:00' ), ( 'CLM-2024-000005', 'POL-PROP-2024-005', 'Robert Wilson', 'robert.wilson@email.com', '+1-555-567-8901', 'Theft of electronics and jewelry from home during vacation. Police report filed.', 5500.25, 'REJECTED', '2024-01-05 00:00:00', '2024-01-06 12:00:00', '2024-01-22 10:15:00' ), ( 'CLM-2024-000006', 'POL-LIFE-2024-006', 'Jennifer Martinez', 'jennifer.martinez@email.com', '+1-555-678-9012', 'Accidental death benefit claim. All required documentation has been submitted.', 100000.00, 'PAID', '2023-12-28 10:30:00', '2024-01-02 14:20:00', '2024-01-25 11:00:00' ), ( 'CLM-2024-000007', 'POL-AUTO-2024-007', 'David Anderson', 'david.anderson@email.com', '+1-555-789-0123', 'Windshield crack from road debris. Needs replacement for safety reasons.', 350.00, 'APPROVED', '2024-01-20 07:45:00', '2024-01-21 09:30:00', '2024-01-23 15:10:00' ), ( 'CLM-2024-000008', 'POL-HOME-2024-008', 'Lisa Thompson', 'lisa.thompson@email.com', '+1-555-890-1234', 'Roof damage from hailstorm. Multiple shingles damaged and gutters need repair.', 4200.80, 'SUBMITTED', '2024-01-22 15:30:00', '2024-01-23 08:15:00', '2024-01-23 08:15:00' ), ( 'CLM-2024-000009', 'POL-HEALTH-2024-009', 'Christopher Lee', 'christopher.lee@email.com', '+1-555-901-2345', 'Routine surgery with complications requiring extended hospital stay.', 15750.60, 'UNDER_REVIEW', '2024-01-18 11:00:00', '2024-01-19 13:45:00', '2024-01-24 09:20:00' ), ( 'CLM-2024-000010', 'POL-AUTO-2024-010', 'Amanda Garcia', 'amanda.garcia@email.com', '+1-555-012-3456', 'Minor fender bender in parking lot. Claimant decided to handle privately.', 800.00, 'CANCELLED', '2024-01-25 12:15:00', '2024-01-26 10:00:00', '2024-01-27 14:30:00' ) [42104-224]
	at org.h2.message.DbException.getJdbcSQLException(DbException.java:514)
	at org.h2.message.DbException.getJdbcSQLException(DbException.java:489)
	at org.h2.message.DbException.get(DbException.java:223)
	at org.h2.message.DbException.get(DbException.java:199)
	at org.h2.command.Parser.getTableOrViewNotFoundDbException(Parser.java:8051)
	at org.h2.command.Parser.getTableOrViewNotFoundDbException(Parser.java:8035)
	at org.h2.command.Parser.readTableOrView(Parser.java:8024)
	at org.h2.command.Parser.readTableOrView(Parser.java:7990)
	at org.h2.command.Parser.parseInsert(Parser.java:1540)
	at org.h2.command.Parser.parsePrepared(Parser.java:719)
	at org.h2.command.Parser.parse(Parser.java:592)
	at org.h2.command.Parser.parse(Parser.java:564)
	at org.h2.command.Parser.prepareCommand(Parser.java:483)
	at org.h2.engine.SessionLocal.prepareLocal(SessionLocal.java:639)
	at org.h2.engine.SessionLocal.prepareCommand(SessionLocal.java:559)
	at org.h2.jdbc.JdbcConnection.prepareCommand(JdbcConnection.java:1166)
	at org.h2.jdbc.JdbcStatement.executeInternal(JdbcStatement.java:245)
	at org.h2.jdbc.JdbcStatement.execute(JdbcStatement.java:231)
	at org.springframework.jdbc.datasource.init.ScriptUtils.executeSqlScript(ScriptUtils.java:261)
	... 106 common frames omitted
]]></system-out>
    <system-err><![CDATA[


============================
CONDITIONS EVALUATION REPORT
============================


Positive matches:
-----------------

    None


Negative matches:
-----------------

    None


Exclusions:
-----------

    None


Unconditional classes:
----------------------

    None



]]></system-err>
  </testcase>
  <testcase name="shouldFindClaimsByOptionalCriteria" classname="com.claimmanagement.repository.ClaimRepositoryTest" time="0.003">
[...]
	at org.junit.platform.launcher.core.EngineExecutionOrchestrator.execute(EngineExecutionOrchestrator.java:169)
	at org.junit.platform.launcher.core.EngineExecutionOrchestrator.execute(EngineExecutionOrchestrator.java:93)
	at org.junit.platform.launcher.core.EngineExecutionOrchestrator.lambda$execute$0(EngineExecutionOrchestrator.java:58)
	at org.junit.platform.launcher.core.EngineExecutionOrchestrator.withInterceptedStreams(EngineExecutionOrchestrator.java:141)
	at org.junit.platform.launcher.core.EngineExecutionOrchestrator.execute(EngineExecutionOrchestrator.java:57)
	at org.junit.platform.launcher.core.DefaultLauncher.execute(DefaultLauncher.java:103)
	at org.junit.platform.launcher.core.DefaultLauncher.execute(DefaultLauncher.java:85)
	at org.junit.platform.launcher.core.DelegatingLauncher.execute(DelegatingLauncher.java:47)
	at org.apache.maven.surefire.junitplatform.LazyLauncher.execute(LazyLauncher.java:56)
	at org.apache.maven.surefire.junitplatform.JUnitPlatformProvider.execute(JUnitPlatformProvider.java:184)
	at org.apache.maven.surefire.junitplatform.JUnitPlatformProvider.invokeAllTests(JUnitPlatformProvider.java:148)
	at org.apache.maven.surefire.junitplatform.JUnitPlatformProvider.invoke(JUnitPlatformProvider.java:122)
	at org.apache.maven.surefire.booter.ForkedBooter.runSuitesInProcess(ForkedBooter.java:385)
	at org.apache.maven.surefire.booter.ForkedBooter.execute(ForkedBooter.java:162)
	at org.apache.maven.surefire.booter.ForkedBooter.run(ForkedBooter.java:507)
	at org.apache.maven.surefire.booter.ForkedBooter.main(ForkedBooter.java:495)
]]></system-out>
  </testcase>
  <testcase name="shouldCountClaimsByStatus" classname="com.claimmanagement.repository.ClaimRepositoryTest" time="0.002">
    <error message="ApplicationContext failure threshold (1) exceeded: skipping repeated attempt to load context for [MergedContextConfiguration@6b8f1c62 testClass = com.claimmanagement.repository.ClaimRepositoryTest, locations = [], classes = [com.claimmanagement.ClaimManagementServiceApplication], contextInitializerClasses = [], activeProfiles = [&quot;test&quot;], propertySourceDescriptors = [], propertySourceProperties = [&quot;org.springframework.boot.test.autoconfigure.orm.jpa.DataJpaTestContextBootstrapper=true&quot;], contextCustomizers = [[ImportsContextCustomizer@67c020c8 key = [org.springframework.boot.autoconfigure.transaction.TransactionAutoConfiguration, org.springframework.boot.autoconfigure.data.jpa.JpaRepositoriesAutoConfiguration, org.springframework.boot.test.autoconfigure.orm.jpa.TestEntityManagerAutoConfiguration, org.springframework.boot.autoconfigure.cache.CacheAutoConfiguration, org.springframework.boot.autoconfigure.orm.jpa.HibernateJpaAutoConfiguration, org.springframework.boot.autoconfigure.sql.init.SqlInitializationAutoConfiguration, org.springframework.boot.test.autoconfigure.jdbc.TestDatabaseAutoConfiguration, org.springframework.boot.autoconfigure.flyway.FlywayAutoConfiguration, org.springframework.boot.autoconfigure.jdbc.DataSourceTransactionManagerAutoConfiguration, org.springframework.boot.autoconfigure.liquibase.LiquibaseAutoConfiguration, org.springframework.boot.autoconfigure.jdbc.JdbcClientAutoConfiguration, org.springframework.boot.autoconfigure.jdbc.DataSourceAutoConfiguration, org.springframework.boot.autoconfigure.jdbc.JdbcTemplateAutoConfiguration]], org.springframework.boot.test.context.filter.ExcludeFilterContextCustomizer@23ee75c5, org.springframework.boot.test.json.DuplicateJsonObjectContextCustomizerFactory$DuplicateJsonObjectContextCustomizer@6050462a, org.springframework.boot.test.mock.mockito.MockitoContextCustomizer@0, org.springframework.boot.test.autoconfigure.OverrideAutoConfigurationContextCustomizerFactory$DisableAutoConfigurationContextCustomizer@4cbd03e7, org.springframework.boot.test.autoconfigure.actuate.observability.ObservabilityContextCustomizerFactory$DisableObservabilityContextCustomizer@1f, org.springframework.boot.test.autoconfigure.filter.TypeExcludeFiltersContextCustomizer@34be3d80, org.springframework.boot.test.autoconfigure.properties.PropertyMappingContextCustomizer@81f2e8e0, org.springframework.boot.test.autoconfigure.web.servlet.WebDriverContextCustomizer@3766c667, org.springframework.boot.test.context.SpringBootTestAnnotation@1a878dcd], contextLoader = org.springframework.boot.test.context.SpringBootContextLoader, parent = null]" type="java.lang.IllegalStateException"><![CDATA[java.lang.IllegalStateException: ApplicationContext failure threshold (1) exceeded: skipping repeated attempt to load context for [MergedContextConfiguration@6b8f1c62 testClass = com.claimmanagement.repository.ClaimRepositoryTest, locations = [], classes = [com.claimmanagement.ClaimManagementServiceApplication], contextInitializerClasses = [], activeProfiles = ["test"], propertySourceDescriptors = [], propertySourceProperties = ["org.springframework.boot.test.autoconfigure.orm.jpa.DataJpaTestContextBootstrapper=true"], contextCustomizers = [[ImportsContextCustomizer@67c020c8 key = [org.springframework.boot.autoconfigure.transaction.TransactionAutoConfiguration, org.springframework.boot.autoconfigure.data.jpa.JpaRepositoriesAutoConfiguration, org.springframework.boot.test.autoconfigure.orm.jpa.TestEntityManagerAutoConfiguration, org.springframework.boot.autoconfigure.cache.CacheAutoConfiguration, org.springframework.boot.autoconfigure.orm.jpa.HibernateJpaAutoConfiguration, org.springframework.boot.autoconfigure.sql.init.SqlInitializationAutoConfiguration, org.springframework.boot.test.autoconfigure.jdbc.TestDatabaseAutoConfiguration, org.springframework.boot.autoconfigure.flyway.FlywayAutoConfiguration, org.springframework.boot.autoconfigure.jdbc.DataSourceTransactionManagerAutoConfiguration, org.springframework.boot.autoconfigure.liquibase.LiquibaseAutoConfiguration, org.springframework.boot.autoconfigure.jdbc.JdbcClientAutoConfiguration, org.springframework.boot.autoconfigure.jdbc.DataSourceAutoConfiguration, org.springframework.boot.autoconfigure.jdbc.JdbcTemplateAutoConfiguration]], org.springframework.boot.test.context.filter.ExcludeFilterContextCustomizer@23ee75c5, org.springframework.boot.test.json.DuplicateJsonObjectContextCustomizerFactory$DuplicateJsonObjectContextCustomizer@6050462a, org.springframework.boot.test.mock.mockito.MockitoContextCustomizer@0, org.springframework.boot.test.autoconfigure.OverrideAutoConfigurationContextCustomizerFactory$DisableAutoConfigurationContextCustomizer@4cbd03e7, org.springframework.boot.test.autoconfigure.actuate.observability.ObservabilityContextCustomizerFactory$DisableObservabilityContextCustomizer@1f, org.springframework.boot.test.autoconfigure.filter.TypeExcludeFiltersContextCustomizer@34be3d80, org.springframework.boot.test.autoconfigure.properties.PropertyMappingContextCustomizer@81f2e8e0, org.springframework.boot.test.autoconfigure.web.servlet.WebDriverContextCustomizer@3766c667, org.springframework.boot.test.context.SpringBootTestAnnotation@1a878dcd], contextLoader = org.springframework.boot.test.context.SpringBootContextLoader, parent = null]
	at org.springframework.test.context.cache.DefaultCacheAwareContextLoaderDelegate.loadContext(DefaultCacheAwareContextLoaderDelegate.java:145)
	at org.springframework.test.context.support.DefaultTestContext.getApplicationContext(DefaultTestContext.java:130)
	at org.springframework.test.context.support.DependencyInjectionTestExecutionListener.injectDependencies(DependencyInjectionTestExecutionListener.java:142)
	at org.springframework.test.context.support.DependencyInjectionTestExecutionListener.prepareTestInstance(DependencyInjectionTestExecutionListener.java:98)
	at org.springframework.test.context.TestContextManager.prepareTestInstance(TestContextManager.java:260)
	at org.springframework.test.context.junit.jupiter.SpringExtension.postProcessTestInstance(SpringExtension.java:163)
	at java.base/java.util.stream.ReferencePipeline$3$1.accept(ReferencePipeline.java:197)
	at java.base/java.util.stream.ReferencePipeline$2$1.accept(ReferencePipeline.java:179)
	at java.base/java.util.ArrayList$ArrayListSpliterator.forEachRemaining(ArrayList.java:1708)
	at java.base/java.util.stream.AbstractPipeline.copyInto(AbstractPipeline.java:509)
	at java.base/java.util.stream.AbstractPipeline.wrapAndCopyInto(AbstractPipeline.java:499)
	at java.base/java.util.stream.StreamSpliterators$WrappingSpliterator.forEachRemaining(StreamSpliterators.java:310)
	at java.base/java.util.stream.Streams$ConcatSpliterator.forEachRemaining(Streams.java:735)
	at java.base/java.util.stream.Streams$ConcatSpliterator.forEachRemaining(Streams.java:734)
	at java.base/java.util.stream.ReferencePipeline$Head.forEach(ReferencePipeline.java:762)
	at java.base/java.util.Optional.orElseGet(Optional.java:364)
	at java.base/java.util.ArrayList.forEach(ArrayList.java:1596)
	at java.base/java.util.ArrayList.forEach(ArrayList.java:1596)
]]></error>
    <system-out><![CDATA[21:26:18.078 [main] WARN  o.s.test.context.TestContextManager - Caught exception while allowing TestExecutionListener [org.springframework.test.context.support.DependencyInjectionTestExecutionListener] to prepare test instance [com.claimmanagement.repository.ClaimRepositoryTest@138d85f8]
java.lang.IllegalStateException: ApplicationContext failure threshold (1) exceeded: skipping repeated attempt to load context for [MergedContextConfiguration@6b8f1c62 testClass = com.claimmanagement.repository.ClaimRepositoryTest, locations = [], classes = [com.claimmanagement.ClaimManagementServiceApplication], contextInitializerClasses = [], activeProfiles = ["test"], propertySourceDescriptors = [], propertySourceProperties = ["org.springframework.boot.test.autoconfigure.orm.jpa.DataJpaTestContextBootstrapper=true"], contextCustomizers = [[ImportsContextCustomizer@67c020c8 key = [org.springframework.boot.autoconfigure.transaction.TransactionAutoConfiguration, org.springframework.boot.autoconfigure.data.jpa.JpaRepositoriesAutoConfiguration, org.springframework.boot.test.autoconfigure.orm.jpa.TestEntityManagerAutoConfiguration, org.springframework.boot.autoconfigure.cache.CacheAutoConfiguration, org.springframework.boot.autoconfigure.orm.jpa.HibernateJpaAutoConfiguration, org.springframework.boot.autoconfigure.sql.init.SqlInitializationAutoConfiguration, org.springframework.boot.test.autoconfigure.jdbc.TestDatabaseAutoConfiguration, org.springframework.boot.autoconfigure.flyway.FlywayAutoConfiguration, org.springframework.boot.autoconfigure.jdbc.DataSourceTransactionManagerAutoConfiguration, org.springframework.boot.autoconfigure.liquibase.LiquibaseAutoConfiguration, org.springframework.boot.autoconfigure.jdbc.JdbcClientAutoConfiguration, org.springframework.boot.autoconfigure.jdbc.DataSourceAutoConfiguration, org.springframework.boot.autoconfigure.jdbc.JdbcTemplateAutoConfiguration]], org.springframework.boot.test.context.filter.ExcludeFilterContextCustomizer@23ee75c5, org.springframework.boot.test.json.DuplicateJsonObjectContextCustomizerFactory$DuplicateJsonObjectContextCustomizer@6050462a, org.springframework.boot.test.mock.mockito.MockitoContextCustomizer@0, org.springframework.boot.test.autoconfigure.OverrideAutoConfigurationContextCustomizerFactory$DisableAutoConfigurationContextCustomizer@4cbd03e7, org.springframework.boot.test.autoconfigure.actuate.observability.ObservabilityContextCustomizerFactory$DisableObservabilityContextCustomizer@1f, org.springframework.boot.test.autoconfigure.filter.TypeExcludeFiltersContextCustomizer@34be3d80, org.springframework.boot.test.autoconfigure.properties.PropertyMappingContextCustomizer@81f2e8e0, org.springframework.boot.test.autoconfigure.web.servlet.WebDriverContextCustomizer@3766c667, org.springframework.boot.test.context.SpringBootTestAnnotation@1a878dcd], contextLoader = org.springframework.boot.test.context.SpringBootContextLoader, parent = null]
	at org.springframework.test.context.cache.DefaultCacheAwareContextLoaderDelegate.loadContext(DefaultCacheAwareContextLoaderDelegate.java:145)
	at org.springframework.test.context.support.DefaultTestContext.getApplicationContext(DefaultTestContext.java:130)
	at org.springframework.test.context.support.DependencyInjectionTestExecutionListener.injectDependencies(DependencyInjectionTestExecutionListener.java:142)
	at org.springframework.test.context.support.DependencyInjectionTestExecutionListener.prepareTestInstance(DependencyInjectionTestExecutionListener.java:98)
	at org.springframework.test.context.TestContextManager.prepareTestInstance(TestContextManager.java:260)
	at org.springframework.test.context.junit.jupiter.SpringExtension.postProcessTestInstance(SpringExtension.java:163)
	at org.junit.jupiter.engine.descriptor.ClassBasedTestDescriptor.lambda$invokeTestInstancePostProcessors$10(ClassBasedTestDescriptor.java:378)
	at org.junit.jupiter.engine.descriptor.ClassBasedTestDescriptor.executeAndMaskThrowable(ClassBasedTestDescriptor.java:383)
	at org.junit.jupiter.engine.descriptor.ClassBasedTestDescriptor.lambda$invokeTestInstancePostProcessors$11(ClassBasedTestDescriptor.java:378)
	at java.base/java.util.stream.ReferencePipeline$3$1.accept(ReferencePipeline.java:197)
	at java.base/java.util.stream.ReferencePipeline$2$1.accept(ReferencePipeline.java:179)
	at java.base/java.util.ArrayList$ArrayListSpliterator.forEachRemaining(ArrayList.java:1708)
	at java.base/java.util.stream.AbstractPipeline.copyInto(AbstractPipeline.java:509)
	at java.base/java.util.stream.AbstractPipeline.wrapAndCopyInto(AbstractPipeline.java:499)
	at java.base/java.util.stream.StreamSpliterators$WrappingSpliterator.forEachRemaining(StreamSpliterators.java:310)
	at java.base/java.util.stream.Streams$ConcatSpliterator.forEachRemaining(Streams.java:735)
	at java.base/java.util.stream.Streams$ConcatSpliterator.forEachRemaining(Streams.java:734)
	at java.base/java.util.stream.ReferencePipeline$Head.forEach(ReferencePipeline.java:762)
	at org.junit.jupiter.engine.descriptor.ClassBasedTestDescriptor.invokeTestInstancePostProcessors(ClassBasedTestDescriptor.java:377)
	at org.junit.jupiter.engine.descriptor.ClassBasedTestDescriptor.lambda$instantiateAndPostProcessTestInstance$6(ClassBasedTestDescriptor.java:290)
	at org.junit.platform.engine.support.hierarchical.ThrowableCollector.execute(ThrowableCollector.java:73)
	at org.junit.jupiter.engine.descriptor.ClassBasedTestDescriptor.instantiateAndPostProcessTestInstance(ClassBasedTestDescriptor.java:289)
	at org.junit.jupiter.engine.descriptor.ClassBasedTestDescriptor.lambda$testInstancesProvider$4(ClassBasedTestDescriptor.java:279)
	at java.base/java.util.Optional.orElseGet(Optional.java:364)
	at org.junit.jupiter.engine.descriptor.ClassBasedTestDescriptor.lambda$testInstancesProvider$5(ClassBasedTestDescriptor.java:278)
	at org.junit.jupiter.engine.execution.TestInstancesProvider.getTestInstances(TestInstancesProvider.java:31)
	at org.junit.jupiter.engine.descriptor.TestMethodTestDescriptor.lambda$prepare$0(TestMethodTestDescriptor.java:106)
	at org.junit.platform.engine.support.hierarchical.ThrowableCollector.execute(ThrowableCollector.java:73)
	at org.junit.jupiter.engine.descriptor.TestMethodTestDescriptor.prepare(TestMethodTestDescriptor.java:105)
	at org.junit.jupiter.engine.descriptor.TestMethodTestDescriptor.prepare(TestMethodTestDescriptor.java:69)
	at org.junit.platform.engine.support.hierarchical.NodeTestTask.lambda$prepare$2(NodeTestTask.java:123)
	at org.junit.platform.engine.support.hierarchical.ThrowableCollector.execute(ThrowableCollector.java:73)
	at org.junit.platform.engine.support.hierarchical.NodeTestTask.prepare(NodeTestTask.java:123)
	at org.junit.platform.engine.support.hierarchical.NodeTestTask.execute(NodeTestTask.java:90)
	at java.base/java.util.ArrayList.forEach(ArrayList.java:1596)
	at org.junit.platform.engine.support.hierarchical.SameThreadHierarchicalTestExecutorService.invokeAll(SameThreadHierarchicalTestExecutorService.java:41)
	at org.junit.platform.engine.support.hierarchical.NodeTestTask.lambda$executeRecursively$6(NodeTestTask.java:155)
	at org.junit.platform.engine.support.hierarchical.ThrowableCollector.execute(ThrowableCollector.java:73)
	at org.junit.platform.engine.support.hierarchical.NodeTestTask.lambda$executeRecursively$8(NodeTestTask.java:141)
	at org.junit.platform.engine.support.hierarchical.Node.around(Node.java:137)
	at org.junit.platform.engine.support.hierarchical.NodeTestTask.lambda$executeRecursively$9(NodeTestTask.java:139)
	at org.junit.platform.engine.support.hierarchical.ThrowableCollector.execute(ThrowableCollector.java:73)
	at org.junit.platform.engine.support.hierarchical.NodeTestTask.executeRecursively(NodeTestTask.java:138)
	at org.junit.platform.engine.support.hierarchical.NodeTestTask.execute(NodeTestTask.java:95)
	at java.base/java.util.ArrayList.forEach(ArrayList.java:1596)
	at org.junit.platform.engine.support.hierarchical.SameThreadHierarchicalTestExecutorService.invokeAll(SameThreadHierarchicalTestExecutorService.java:41)
	at org.junit.platform.engine.support.hierarchical.NodeTestTask.lambda$executeRecursively$6(NodeTestTask.java:155)
	at org.junit.platform.engine.support.hierarchical.ThrowableCollector.execute(ThrowableCollector.java:73)
	at org.junit.platform.engine.support.hierarchical.NodeTestTask.lambda$executeRecursively$8(NodeTestTask.java:141)
	at org.junit.platform.engine.support.hierarchical.Node.around(Node.java:137)
	at org.junit.platform.engine.support.hierarchical.NodeTestTask.lambda$executeRecursively$9(NodeTestTask.java:139)
	at org.junit.platform.engine.support.hierarchical.ThrowableCollector.execute(ThrowableCollector.java:73)
	at org.junit.platform.engine.support.hierarchical.NodeTestTask.executeRecursively(NodeTestTask.java:138)
	at org.junit.platform.engine.support.hierarchical.NodeTestTask.execute(NodeTestTask.java:95)
	at org.junit.platform.engine.support.hierarchical.SameThreadHierarchicalTestExecutorService.submit(SameThreadHierarchicalTestExecutorService.java:35)
	at org.junit.platform.engine.support.hierarchical.HierarchicalTestExecutor.execute(HierarchicalTestExecutor.java:57)
	at org.junit.platform.engine.support.hierarchical.HierarchicalTestEngine.execute(HierarchicalTestEngine.java:54)
	at org.junit.platform.launcher.core.EngineExecutionOrchestrator.execute(EngineExecutionOrchestrator.java:198)
	at org.junit.platform.launcher.core.EngineExecutionOrchestrator.execute(EngineExecutionOrchestrator.java:169)
	at org.junit.platform.launcher.core.EngineExecutionOrchestrator.execute(EngineExecutionOrchestrator.java:93)
	at org.junit.platform.launcher.core.EngineExecutionOrchestrator.lambda$execute$0(EngineExecutionOrchestrator.java:58)
	at org.junit.platform.launcher.core.EngineExecutionOrchestrator.withInterceptedStreams(EngineExecutionOrchestrator.java:141)
	at org.junit.platform.launcher.core.EngineExecutionOrchestrator.execute(EngineExecutionOrchestrator.java:57)
	at org.junit.platform.launcher.core.DefaultLauncher.execute(DefaultLauncher.java:103)
	at org.junit.platform.launcher.core.DefaultLauncher.execute(DefaultLauncher.java:85)
	at org.junit.platform.launcher.core.DelegatingLauncher.execute(DelegatingLauncher.java:47)
	at org.apache.maven.surefire.junitplatform.LazyLauncher.execute(LazyLauncher.java:56)
	at org.apache.maven.surefire.junitplatform.JUnitPlatformProvider.execute(JUnitPlatformProvider.java:184)
	at org.apache.maven.surefire.junitplatform.JUnitPlatformProvider.invokeAllTests(JUnitPlatformProvider.java:148)
	at org.apache.maven.surefire.junitplatform.JUnitPlatformProvider.invoke(JUnitPlatformProvider.java:122)
	at org.apache.maven.surefire.booter.ForkedBooter.runSuitesInProcess(ForkedBooter.java:385)
	at org.apache.maven.surefire.booter.ForkedBooter.execute(ForkedBooter.java:162)
	at org.apache.maven.surefire.booter.ForkedBooter.run(ForkedBooter.java:507)
	at org.apache.maven.surefire.booter.ForkedBooter.main(ForkedBooter.java:495)
]]></system-out>
  </testcase>
</testsuite>